Arguments: 
  /Users/zhoufeifan/.nvm/versions/node/v14.16.1/bin/node /Users/zhoufeifan/.nvm/versions/node/v14.16.1/bin/yarn add @rollup/plugin-node-globals

PATH: 
  /Users/zhoufeifan/.nvm/versions/node/v14.16.1/bin:/Users/superzhou/flutter/bin:/usr/local/bin:/usr/local/sbin:/usr/local/bin:/usr/bin:/bin:/usr/sbin:/sbin:/usr/local/sbin:/Users/zhoufeifan/.nvm/versions/node/v14.16.1/bin:/Users/superzhou/flutter/bin

Yarn version: 
  1.22.10

Node version: 
  14.16.1

Platform: 
  darwin x64

Trace: 
  Error: https://registry.npm.taobao.org/@rollup%2fplugin-node-globals: Not found
      at Request.params.callback [as _callback] (/Users/zhoufeifan/.nvm/versions/node/v14.16.1/lib/node_modules/yarn/lib/cli.js:66988:18)
      at Request.self.callback (/Users/zhoufeifan/.nvm/versions/node/v14.16.1/lib/node_modules/yarn/lib/cli.js:140662:22)
      at Request.emit (events.js:315:20)
      at Request.<anonymous> (/Users/zhoufeifan/.nvm/versions/node/v14.16.1/lib/node_modules/yarn/lib/cli.js:141634:10)
      at Request.emit (events.js:315:20)
      at IncomingMessage.<anonymous> (/Users/zhoufeifan/.nvm/versions/node/v14.16.1/lib/node_modules/yarn/lib/cli.js:141556:12)
      at Object.onceWrapper (events.js:421:28)
      at IncomingMessage.emit (events.js:327:22)
      at endReadableNT (internal/streams/readable.js:1327:12)
      at processTicksAndRejections (internal/process/task_queues.js:80:21)

npm manifest: 
  {
    "name": "api-code",
    "version": "1.0.0",
    "description": "",
    "main": "index.js",
    "scripts": {
      "build": "rollup --config rollup.config.js"
    },
    "author": "",
    "license": "ISC",
    "devDependencies": {
      "@babel/core": "^7.15.0",
      "@babel/preset-env": "^7.15.0",
      "@babel/preset-typescript": "^7.15.0",
      "@rollup/plugin-babel": "^4.4.0",
      "@rollup/plugin-commonjs": "^10.1.0",
      "@rollup/plugin-json": "^4.1.0",
      "@rollup/plugin-node-resolve": "^5.2.0",
      "@rollup/plugin-typescript": "^1.0.1",
      "@types/babel__generator": "^7.6.3",
      "@types/chrome": "^0.0.154",
      "rollup": "^2.56.2",
      "rollup-plugin-sourcemaps": "^0.6.3",
      "tslib": "^2.3.1",
      "typescript": "^4.3.5"
    },
    "dependencies": {
      "@babel/generator": "^7.14.8",
      "@babel/parser": "^7.14.8",
      "@babel/traverse": "^7.14.8",
      "@babel/types": "^7.14.8",
      "@rollup/plugin-replace": "^3.0.0"
    }
  }

yarn manifest: 
  No manifest

Lockfile: 
  # THIS IS AN AUTOGENERATED FILE. DO NOT EDIT THIS FILE DIRECTLY.
  # yarn lockfile v1
  
  
  "@babel/code-frame@^7.14.5":
    version "7.14.5"
    resolved "https://registry.nlark.com/@babel/code-frame/download/@babel/code-frame-7.14.5.tgz"
    integrity sha1-I7CNdA6D9JxeWZRfvxtD6Au/Tts=
    dependencies:
      "@babel/highlight" "^7.14.5"
  
  "@babel/compat-data@^7.13.11", "@babel/compat-data@^7.14.7", "@babel/compat-data@^7.15.0":
    version "7.15.0"
    resolved "https://registry.nlark.com/@babel/compat-data/download/@babel/compat-data-7.15.0.tgz"
    integrity sha1-Lbr4uFM0eWyvuw9Xk6kKL8AQsXY=
  
  "@babel/core@^7.15.0":
    version "7.15.0"
    resolved "https://registry.nlark.com/@babel/core/download/@babel/core-7.15.0.tgz"
    integrity sha1-dJ5Xxod4tzrYCCd1Vh9n9Rlqr6g=
    dependencies:
      "@babel/code-frame" "^7.14.5"
      "@babel/generator" "^7.15.0"
      "@babel/helper-compilation-targets" "^7.15.0"
      "@babel/helper-module-transforms" "^7.15.0"
      "@babel/helpers" "^7.14.8"
      "@babel/parser" "^7.15.0"
      "@babel/template" "^7.14.5"
      "@babel/traverse" "^7.15.0"
      "@babel/types" "^7.15.0"
      convert-source-map "^1.7.0"
      debug "^4.1.0"
      gensync "^1.0.0-beta.2"
      json5 "^2.1.2"
      semver "^6.3.0"
      source-map "^0.5.0"
  
  "@babel/generator@^7.14.8", "@babel/generator@^7.15.0":
    version "7.15.0"
    resolved "https://registry.nlark.com/@babel/generator/download/@babel/generator-7.15.0.tgz"
    integrity sha1-p9DBcuDYFJdLrVqnes5UO5eRfxU=
    dependencies:
      "@babel/types" "^7.15.0"
      jsesc "^2.5.1"
      source-map "^0.5.0"
  
  "@babel/helper-annotate-as-pure@^7.14.5":
    version "7.14.5"
    resolved "https://registry.nlark.com/@babel/helper-annotate-as-pure/download/@babel/helper-annotate-as-pure-7.14.5.tgz"
    integrity sha1-e/R47Dtxcm1WqMpXdbBG/CmHnmE=
    dependencies:
      "@babel/types" "^7.14.5"
  
  "@babel/helper-builder-binary-assignment-operator-visitor@^7.14.5":
    version "7.14.5"
    resolved "https://registry.nlark.com/@babel/helper-builder-binary-assignment-operator-visitor/download/@babel/helper-builder-binary-assignment-operator-visitor-7.14.5.tgz"
    integrity sha1-uTm0P4w3dlRDoZrnStixWXjgoZE=
    dependencies:
      "@babel/helper-explode-assignable-expression" "^7.14.5"
      "@babel/types" "^7.14.5"
  
  "@babel/helper-compilation-targets@^7.13.0", "@babel/helper-compilation-targets@^7.14.5", "@babel/helper-compilation-targets@^7.15.0":
    version "7.15.0"
    resolved "https://registry.nlark.com/@babel/helper-compilation-targets/download/@babel/helper-compilation-targets-7.15.0.tgz"
    integrity sha1-lz34y9AlUV8/8l2wwF78cE+nmBg=
    dependencies:
      "@babel/compat-data" "^7.15.0"
      "@babel/helper-validator-option" "^7.14.5"
      browserslist "^4.16.6"
      semver "^6.3.0"
  
  "@babel/helper-create-class-features-plugin@^7.14.5", "@babel/helper-create-class-features-plugin@^7.15.0":
    version "7.15.0"
    resolved "https://registry.nlark.com/@babel/helper-create-class-features-plugin/download/@babel/helper-create-class-features-plugin-7.15.0.tgz"
    integrity sha1-yaE3pNE3stDixkms9TbXuhp2wPc=
    dependencies:
      "@babel/helper-annotate-as-pure" "^7.14.5"
      "@babel/helper-function-name" "^7.14.5"
      "@babel/helper-member-expression-to-functions" "^7.15.0"
      "@babel/helper-optimise-call-expression" "^7.14.5"
      "@babel/helper-replace-supers" "^7.15.0"
      "@babel/helper-split-export-declaration" "^7.14.5"
  
  "@babel/helper-create-regexp-features-plugin@^7.14.5":
    version "7.14.5"
    resolved "https://registry.nlark.com/@babel/helper-create-regexp-features-plugin/download/@babel/helper-create-regexp-features-plugin-7.14.5.tgz"
    integrity sha1-x9WsXpz2IcJgV3Ivt6ikxYiTWMQ=
    dependencies:
      "@babel/helper-annotate-as-pure" "^7.14.5"
      regexpu-core "^4.7.1"
  
  "@babel/helper-define-polyfill-provider@^0.2.2":
    version "0.2.3"
    resolved "https://registry.nlark.com/@babel/helper-define-polyfill-provider/download/@babel/helper-define-polyfill-provider-0.2.3.tgz"
    integrity sha1-BSXt7FCUZTooJojTTYRuTHXpwLY=
    dependencies:
      "@babel/helper-compilation-targets" "^7.13.0"
      "@babel/helper-module-imports" "^7.12.13"
      "@babel/helper-plugin-utils" "^7.13.0"
      "@babel/traverse" "^7.13.0"
      debug "^4.1.1"
      lodash.debounce "^4.0.8"
      resolve "^1.14.2"
      semver "^6.1.2"
  
  "@babel/helper-explode-assignable-expression@^7.14.5":
    version "7.14.5"
    resolved "https://registry.nlark.com/@babel/helper-explode-assignable-expression/download/@babel/helper-explode-assignable-expression-7.14.5.tgz"
    integrity sha1-iqcucIIFx7tkPkXHO0OGzfKh9kU=
    dependencies:
      "@babel/types" "^7.14.5"
  
  "@babel/helper-function-name@^7.14.5":
    version "7.14.5"
    resolved "https://registry.nlark.com/@babel/helper-function-name/download/@babel/helper-function-name-7.14.5.tgz"
    integrity sha1-ieLEdJcvFdjiM7Uu6MSA4s/NUMQ=
    dependencies:
      "@babel/helper-get-function-arity" "^7.14.5"
      "@babel/template" "^7.14.5"
      "@babel/types" "^7.14.5"
  
  "@babel/helper-get-function-arity@^7.14.5":
    version "7.14.5"
    resolved "https://registry.nlark.com/@babel/helper-get-function-arity/download/@babel/helper-get-function-arity-7.14.5.tgz"
    integrity sha1-Jfv6V5sJN+7h87gF7OTOOYxDGBU=
    dependencies:
      "@babel/types" "^7.14.5"
  
  "@babel/helper-hoist-variables@^7.14.5":
    version "7.14.5"
    resolved "https://registry.nlark.com/@babel/helper-hoist-variables/download/@babel/helper-hoist-variables-7.14.5.tgz"
    integrity sha1-4N0nwzp45XfXyIhJFqPn7x98f40=
    dependencies:
      "@babel/types" "^7.14.5"
  
  "@babel/helper-member-expression-to-functions@^7.15.0":
    version "7.15.0"
    resolved "https://registry.nlark.com/@babel/helper-member-expression-to-functions/download/@babel/helper-member-expression-to-functions-7.15.0.tgz"
    integrity sha1-Ddr1KZyBefJ/NzJ5NlU+m7pgmQs=
    dependencies:
      "@babel/types" "^7.15.0"
  
  "@babel/helper-module-imports@^7.10.4", "@babel/helper-module-imports@^7.12.13", "@babel/helper-module-imports@^7.14.5":
    version "7.14.5"
    resolved "https://registry.nlark.com/@babel/helper-module-imports/download/@babel/helper-module-imports-7.14.5.tgz"
    integrity sha1-bRpE32o4yVeqfDEtoHZCnxG0IvM=
    dependencies:
      "@babel/types" "^7.14.5"
  
  "@babel/helper-module-transforms@^7.14.5", "@babel/helper-module-transforms@^7.15.0":
    version "7.15.0"
    resolved "https://registry.nlark.com/@babel/helper-module-transforms/download/@babel/helper-module-transforms-7.15.0.tgz"
    integrity sha1-Z5J1WB6gVjc+3b42DhQZ7yN4Owg=
    dependencies:
      "@babel/helper-module-imports" "^7.14.5"
      "@babel/helper-replace-supers" "^7.15.0"
      "@babel/helper-simple-access" "^7.14.8"
      "@babel/helper-split-export-declaration" "^7.14.5"
      "@babel/helper-validator-identifier" "^7.14.9"
      "@babel/template" "^7.14.5"
      "@babel/traverse" "^7.15.0"
      "@babel/types" "^7.15.0"
  
  "@babel/helper-optimise-call-expression@^7.14.5":
    version "7.14.5"
    resolved "https://registry.nlark.com/@babel/helper-optimise-call-expression/download/@babel/helper-optimise-call-expression-7.14.5.tgz"
    integrity sha1-8nOVqGGeBmWz8DZM3bQcJdcbSZw=
    dependencies:
      "@babel/types" "^7.14.5"
  
  "@babel/helper-plugin-utils@^7.0.0", "@babel/helper-plugin-utils@^7.10.4", "@babel/helper-plugin-utils@^7.12.13", "@babel/helper-plugin-utils@^7.13.0", "@babel/helper-plugin-utils@^7.14.5", "@babel/helper-plugin-utils@^7.8.0", "@babel/helper-plugin-utils@^7.8.3":
    version "7.14.5"
    resolved "https://registry.nlark.com/@babel/helper-plugin-utils/download/@babel/helper-plugin-utils-7.14.5.tgz?cache=0&sync_timestamp=1623280296194&other_urls=https%3A%2F%2Fregistry.nlark.com%2F%40babel%2Fhelper-plugin-utils%2Fdownload%2F%40babel%2Fhelper-plugin-utils-7.14.5.tgz"
    integrity sha1-WsgizpfuxGdBq3ClF5ceRDpwxak=
  
  "@babel/helper-remap-async-to-generator@^7.14.5":
    version "7.14.5"
    resolved "https://registry.nlark.com/@babel/helper-remap-async-to-generator/download/@babel/helper-remap-async-to-generator-7.14.5.tgz?cache=0&sync_timestamp=1623280405954&other_urls=https%3A%2F%2Fregistry.nlark.com%2F%40babel%2Fhelper-remap-async-to-generator%2Fdownload%2F%40babel%2Fhelper-remap-async-to-generator-7.14.5.tgz"
    integrity sha1-UUOckTYSlY9UqYek/8nuWHogRdY=
    dependencies:
      "@babel/helper-annotate-as-pure" "^7.14.5"
      "@babel/helper-wrap-function" "^7.14.5"
      "@babel/types" "^7.14.5"
  
  "@babel/helper-replace-supers@^7.14.5", "@babel/helper-replace-supers@^7.15.0":
    version "7.15.0"
    resolved "https://registry.nlark.com/@babel/helper-replace-supers/download/@babel/helper-replace-supers-7.15.0.tgz"
    integrity sha1-rOB3CPW/dGvy5rqZVyzOebXU5/Q=
    dependencies:
      "@babel/helper-member-expression-to-functions" "^7.15.0"
      "@babel/helper-optimise-call-expression" "^7.14.5"
      "@babel/traverse" "^7.15.0"
      "@babel/types" "^7.15.0"
  
  "@babel/helper-simple-access@^7.14.8":
    version "7.14.8"
    resolved "https://registry.nlark.com/@babel/helper-simple-access/download/@babel/helper-simple-access-7.14.8.tgz"
    integrity sha1-guH+wGRKfndcdNMF8hLDn4/nOSQ=
    dependencies:
      "@babel/types" "^7.14.8"
  
  "@babel/helper-skip-transparent-expression-wrappers@^7.14.5":
    version "7.14.5"
    resolved "https://registry.nlark.com/@babel/helper-skip-transparent-expression-wrappers/download/@babel/helper-skip-transparent-expression-wrappers-7.14.5.tgz"
    integrity sha1-lvSGrAUMqfRLAJ++W305TKs6DuQ=
    dependencies:
      "@babel/types" "^7.14.5"
  
  "@babel/helper-split-export-declaration@^7.14.5":
    version "7.14.5"
    resolved "https://registry.nlark.com/@babel/helper-split-export-declaration/download/@babel/helper-split-export-declaration-7.14.5.tgz"
    integrity sha1-IrI6VO9RwrdgXYUZMMGXbdC8aTo=
    dependencies:
      "@babel/types" "^7.14.5"
  
  "@babel/helper-validator-identifier@^7.14.5", "@babel/helper-validator-identifier@^7.14.9":
    version "7.14.9"
    resolved "https://registry.nlark.com/@babel/helper-validator-identifier/download/@babel/helper-validator-identifier-7.14.9.tgz"
    integrity sha1-ZlTRcbICT22O4VG/JQlpmRkTHUg=
  
  "@babel/helper-validator-option@^7.14.5":
    version "7.14.5"
    resolved "https://registry.nlark.com/@babel/helper-validator-option/download/@babel/helper-validator-option-7.14.5.tgz?cache=0&sync_timestamp=1623280304150&other_urls=https%3A%2F%2Fregistry.nlark.com%2F%40babel%2Fhelper-validator-option%2Fdownload%2F%40babel%2Fhelper-validator-option-7.14.5.tgz"
    integrity sha1-bnKh//GNXfy4eOHmLxoCHEty1aM=
  
  "@babel/helper-wrap-function@^7.14.5":
    version "7.14.5"
    resolved "https://registry.nlark.com/@babel/helper-wrap-function/download/@babel/helper-wrap-function-7.14.5.tgz?cache=0&sync_timestamp=1623280400923&other_urls=https%3A%2F%2Fregistry.nlark.com%2F%40babel%2Fhelper-wrap-function%2Fdownload%2F%40babel%2Fhelper-wrap-function-7.14.5.tgz"
    integrity sha1-WRnRFb8P4yi4pdY7y2EPUWAfK/8=
    dependencies:
      "@babel/helper-function-name" "^7.14.5"
      "@babel/template" "^7.14.5"
      "@babel/traverse" "^7.14.5"
      "@babel/types" "^7.14.5"
  
  "@babel/helpers@^7.14.8":
    version "7.15.3"
    resolved "https://registry.nlark.com/@babel/helpers/download/@babel/helpers-7.15.3.tgz?cache=0&sync_timestamp=1628666505556&other_urls=https%3A%2F%2Fregistry.nlark.com%2F%40babel%2Fhelpers%2Fdownload%2F%40babel%2Fhelpers-7.15.3.tgz"
    integrity sha1-yWg4t1K5Xc1SW050HtQLsdwqE1c=
    dependencies:
      "@babel/template" "^7.14.5"
      "@babel/traverse" "^7.15.0"
      "@babel/types" "^7.15.0"
  
  "@babel/highlight@^7.14.5":
    version "7.14.5"
    resolved "https://registry.nlark.com/@babel/highlight/download/@babel/highlight-7.14.5.tgz?cache=0&sync_timestamp=1623280306084&other_urls=https%3A%2F%2Fregistry.nlark.com%2F%40babel%2Fhighlight%2Fdownload%2F%40babel%2Fhighlight-7.14.5.tgz"
    integrity sha1-aGGlLwOWZAUAH2qlNKAaJNmejNk=
    dependencies:
      "@babel/helper-validator-identifier" "^7.14.5"
      chalk "^2.0.0"
      js-tokens "^4.0.0"
  
  "@babel/parser@^7.14.5", "@babel/parser@^7.14.8", "@babel/parser@^7.15.0":
    version "7.15.3"
    resolved "https://registry.nlark.com/@babel/parser/download/@babel/parser-7.15.3.tgz"
    integrity sha1-NBbZvqdIBSz8tj28wnNoEFse2GI=
  
  "@babel/plugin-bugfix-v8-spread-parameters-in-optional-chaining@^7.14.5":
    version "7.14.5"
    resolved "https://registry.nlark.com/@babel/plugin-bugfix-v8-spread-parameters-in-optional-chaining/download/@babel/plugin-bugfix-v8-spread-parameters-in-optional-chaining-7.14.5.tgz?cache=0&sync_timestamp=1623280386537&other_urls=https%3A%2F%2Fregistry.nlark.com%2F%40babel%2Fplugin-bugfix-v8-spread-parameters-in-optional-chaining%2Fdownload%2F%40babel%2Fplugin-bugfix-v8-spread-parameters-in-optional-chaining-7.14.5.tgz"
    integrity sha1-S0ZzAuFUjtOxvkO+rizJz0Xgu34=
    dependencies:
      "@babel/helper-plugin-utils" "^7.14.5"
      "@babel/helper-skip-transparent-expression-wrappers" "^7.14.5"
      "@babel/plugin-proposal-optional-chaining" "^7.14.5"
  
  "@babel/plugin-proposal-async-generator-functions@^7.14.9":
    version "7.14.9"
    resolved "https://registry.nlark.com/@babel/plugin-proposal-async-generator-functions/download/@babel/plugin-proposal-async-generator-functions-7.14.9.tgz?cache=0&sync_timestamp=1627804468143&other_urls=https%3A%2F%2Fregistry.nlark.com%2F%40babel%2Fplugin-proposal-async-generator-functions%2Fdownload%2F%40babel%2Fplugin-proposal-async-generator-functions-7.14.9.tgz"
    integrity sha1-cCjcT6IdwZm7rPmLObqxJn0Or5o=
    dependencies:
      "@babel/helper-plugin-utils" "^7.14.5"
      "@babel/helper-remap-async-to-generator" "^7.14.5"
      "@babel/plugin-syntax-async-generators" "^7.8.4"
  
  "@babel/plugin-proposal-class-properties@^7.14.5":
    version "7.14.5"
    resolved "https://registry.nlark.com/@babel/plugin-proposal-class-properties/download/@babel/plugin-proposal-class-properties-7.14.5.tgz?cache=0&sync_timestamp=1623280411002&other_urls=https%3A%2F%2Fregistry.nlark.com%2F%40babel%2Fplugin-proposal-class-properties%2Fdownload%2F%40babel%2Fplugin-proposal-class-properties-7.14.5.tgz"
    integrity sha1-QNHuFAxbHjGjUPT17tlFCWVZtC4=
    dependencies:
      "@babel/helper-create-class-features-plugin" "^7.14.5"
      "@babel/helper-plugin-utils" "^7.14.5"
  
  "@babel/plugin-proposal-class-static-block@^7.14.5":
    version "7.14.5"
    resolved "https://registry.nlark.com/@babel/plugin-proposal-class-static-block/download/@babel/plugin-proposal-class-static-block-7.14.5.tgz?cache=0&sync_timestamp=1623280411252&other_urls=https%3A%2F%2Fregistry.nlark.com%2F%40babel%2Fplugin-proposal-class-static-block%2Fdownload%2F%40babel%2Fplugin-proposal-class-static-block-7.14.5.tgz"
    integrity sha1-FY6eENRJw4Se8+zelKA9nxhBtoE=
    dependencies:
      "@babel/helper-create-class-features-plugin" "^7.14.5"
      "@babel/helper-plugin-utils" "^7.14.5"
      "@babel/plugin-syntax-class-static-block" "^7.14.5"
  
  "@babel/plugin-proposal-dynamic-import@^7.14.5":
    version "7.14.5"
    resolved "https://registry.nlark.com/@babel/plugin-proposal-dynamic-import/download/@babel/plugin-proposal-dynamic-import-7.14.5.tgz?cache=0&sync_timestamp=1623280310895&other_urls=https%3A%2F%2Fregistry.nlark.com%2F%40babel%2Fplugin-proposal-dynamic-import%2Fdownload%2F%40babel%2Fplugin-proposal-dynamic-import-7.14.5.tgz"
    integrity sha1-DGYX30YcDB+P/ztHzVl3I2AQHSw=
    dependencies:
      "@babel/helper-plugin-utils" "^7.14.5"
      "@babel/plugin-syntax-dynamic-import" "^7.8.3"
  
  "@babel/plugin-proposal-export-namespace-from@^7.14.5":
    version "7.14.5"
    resolved "https://registry.nlark.com/@babel/plugin-proposal-export-namespace-from/download/@babel/plugin-proposal-export-namespace-from-7.14.5.tgz"
    integrity sha1-260kQxDObM0IMHIWfYzqg6Uvr3Y=
    dependencies:
      "@babel/helper-plugin-utils" "^7.14.5"
      "@babel/plugin-syntax-export-namespace-from" "^7.8.3"
  
  "@babel/plugin-proposal-json-strings@^7.14.5":
    version "7.14.5"
    resolved "https://registry.nlark.com/@babel/plugin-proposal-json-strings/download/@babel/plugin-proposal-json-strings-7.14.5.tgz"
    integrity sha1-ON5g2zYug6PYyUSshY3fnwwiOes=
    dependencies:
      "@babel/helper-plugin-utils" "^7.14.5"
      "@babel/plugin-syntax-json-strings" "^7.8.3"
  
  "@babel/plugin-proposal-logical-assignment-operators@^7.14.5":
    version "7.14.5"
    resolved "https://registry.nlark.com/@babel/plugin-proposal-logical-assignment-operators/download/@babel/plugin-proposal-logical-assignment-operators-7.14.5.tgz"
    integrity sha1-bmIpwqmbAqspFfglceDMZGpAxzg=
    dependencies:
      "@babel/helper-plugin-utils" "^7.14.5"
      "@babel/plugin-syntax-logical-assignment-operators" "^7.10.4"
  
  "@babel/plugin-proposal-nullish-coalescing-operator@^7.14.5":
    version "7.14.5"
    resolved "https://registry.nlark.com/@babel/plugin-proposal-nullish-coalescing-operator/download/@babel/plugin-proposal-nullish-coalescing-operator-7.14.5.tgz"
    integrity sha1-7jhYnOAOLMWbKZ7D6kBvzToP2vY=
    dependencies:
      "@babel/helper-plugin-utils" "^7.14.5"
      "@babel/plugin-syntax-nullish-coalescing-operator" "^7.8.3"
  
  "@babel/plugin-proposal-numeric-separator@^7.14.5":
    version "7.14.5"
    resolved "https://registry.nlark.com/@babel/plugin-proposal-numeric-separator/download/@babel/plugin-proposal-numeric-separator-7.14.5.tgz?cache=0&sync_timestamp=1623280419388&other_urls=https%3A%2F%2Fregistry.nlark.com%2F%40babel%2Fplugin-proposal-numeric-separator%2Fdownload%2F%40babel%2Fplugin-proposal-numeric-separator-7.14.5.tgz"
    integrity sha1-g2Mb8z2aUd8YTCECoGmsDFjAXxg=
    dependencies:
      "@babel/helper-plugin-utils" "^7.14.5"
      "@babel/plugin-syntax-numeric-separator" "^7.10.4"
  
  "@babel/plugin-proposal-object-rest-spread@^7.14.7":
    version "7.14.7"
    resolved "https://registry.nlark.com/@babel/plugin-proposal-object-rest-spread/download/@babel/plugin-proposal-object-rest-spread-7.14.7.tgz"
    integrity sha1-WSCis99/eQHfAgWXTAZBsT/Z02M=
    dependencies:
      "@babel/compat-data" "^7.14.7"
      "@babel/helper-compilation-targets" "^7.14.5"
      "@babel/helper-plugin-utils" "^7.14.5"
      "@babel/plugin-syntax-object-rest-spread" "^7.8.3"
      "@babel/plugin-transform-parameters" "^7.14.5"
  
  "@babel/plugin-proposal-optional-catch-binding@^7.14.5":
    version "7.14.5"
    resolved "https://registry.nlark.com/@babel/plugin-proposal-optional-catch-binding/download/@babel/plugin-proposal-optional-catch-binding-7.14.5.tgz?cache=0&sync_timestamp=1623280419133&other_urls=https%3A%2F%2Fregistry.nlark.com%2F%40babel%2Fplugin-proposal-optional-catch-binding%2Fdownload%2F%40babel%2Fplugin-proposal-optional-catch-binding-7.14.5.tgz"
    integrity sha1-k53W7d7/Omf997PwRLU0cmJZjDw=
    dependencies:
      "@babel/helper-plugin-utils" "^7.14.5"
      "@babel/plugin-syntax-optional-catch-binding" "^7.8.3"
  
  "@babel/plugin-proposal-optional-chaining@^7.14.5":
    version "7.14.5"
    resolved "https://registry.nlark.com/@babel/plugin-proposal-optional-chaining/download/@babel/plugin-proposal-optional-chaining-7.14.5.tgz?cache=0&sync_timestamp=1623280397698&other_urls=https%3A%2F%2Fregistry.nlark.com%2F%40babel%2Fplugin-proposal-optional-chaining%2Fdownload%2F%40babel%2Fplugin-proposal-optional-chaining-7.14.5.tgz"
    integrity sha1-+oNlHmCjYOPxN5fu8AuNUZaVtgM=
    dependencies:
      "@babel/helper-plugin-utils" "^7.14.5"
      "@babel/helper-skip-transparent-expression-wrappers" "^7.14.5"
      "@babel/plugin-syntax-optional-chaining" "^7.8.3"
  
  "@babel/plugin-proposal-private-methods@^7.14.5":
    version "7.14.5"
    resolved "https://registry.nlark.com/@babel/plugin-proposal-private-methods/download/@babel/plugin-proposal-private-methods-7.14.5.tgz?cache=0&sync_timestamp=1623280416204&other_urls=https%3A%2F%2Fregistry.nlark.com%2F%40babel%2Fplugin-proposal-private-methods%2Fdownload%2F%40babel%2Fplugin-proposal-private-methods-7.14.5.tgz"
    integrity sha1-N0RklZlrKUXzD1vltg1eKqT1eS0=
    dependencies:
      "@babel/helper-create-class-features-plugin" "^7.14.5"
      "@babel/helper-plugin-utils" "^7.14.5"
  
  "@babel/plugin-proposal-private-property-in-object@^7.14.5":
    version "7.14.5"
    resolved "https://registry.nlark.com/@babel/plugin-proposal-private-property-in-object/download/@babel/plugin-proposal-private-property-in-object-7.14.5.tgz?cache=0&sync_timestamp=1623280416058&other_urls=https%3A%2F%2Fregistry.nlark.com%2F%40babel%2Fplugin-proposal-private-property-in-object%2Fdownload%2F%40babel%2Fplugin-proposal-private-property-in-object-7.14.5.tgz"
    integrity sha1-n2Wk0Ek6lAtMAfiqnT8YlKWH9jY=
    dependencies:
      "@babel/helper-annotate-as-pure" "^7.14.5"
      "@babel/helper-create-class-features-plugin" "^7.14.5"
      "@babel/helper-plugin-utils" "^7.14.5"
      "@babel/plugin-syntax-private-property-in-object" "^7.14.5"
  
  "@babel/plugin-proposal-unicode-property-regex@^7.14.5", "@babel/plugin-proposal-unicode-property-regex@^7.4.4":
    version "7.14.5"
    resolved "https://registry.nlark.com/@babel/plugin-proposal-unicode-property-regex/download/@babel/plugin-proposal-unicode-property-regex-7.14.5.tgz?cache=0&sync_timestamp=1623280385924&other_urls=https%3A%2F%2Fregistry.nlark.com%2F%40babel%2Fplugin-proposal-unicode-property-regex%2Fdownload%2F%40babel%2Fplugin-proposal-unicode-property-regex-7.14.5.tgz"
    integrity sha1-D5XuDnV6XWR/N42qDsp+k/qou+g=
    dependencies:
      "@babel/helper-create-regexp-features-plugin" "^7.14.5"
      "@babel/helper-plugin-utils" "^7.14.5"
  
  "@babel/plugin-syntax-async-generators@^7.8.4":
    version "7.8.4"
    resolved "https://registry.npm.taobao.org/@babel/plugin-syntax-async-generators/download/@babel/plugin-syntax-async-generators-7.8.4.tgz"
    integrity sha1-qYP7Gusuw/btBCohD2QOkOeG/g0=
    dependencies:
      "@babel/helper-plugin-utils" "^7.8.0"
  
  "@babel/plugin-syntax-class-properties@^7.12.13":
    version "7.12.13"
    resolved "https://registry.npm.taobao.org/@babel/plugin-syntax-class-properties/download/@babel/plugin-syntax-class-properties-7.12.13.tgz?cache=0&other_urls=https%3A%2F%2Fregistry.npm.taobao.org%2F%40babel%2Fplugin-syntax-class-properties%2Fdownload%2F%40babel%2Fplugin-syntax-class-properties-7.12.13.tgz"
    integrity sha1-tcmHJ0xKOoK4lxR5aTGmtTVErhA=
    dependencies:
      "@babel/helper-plugin-utils" "^7.12.13"
  
  "@babel/plugin-syntax-class-static-block@^7.14.5":
    version "7.14.5"
    resolved "https://registry.nlark.com/@babel/plugin-syntax-class-static-block/download/@babel/plugin-syntax-class-static-block-7.14.5.tgz"
    integrity sha1-GV34mxRrS3izv4l/16JXyEZZ1AY=
    dependencies:
      "@babel/helper-plugin-utils" "^7.14.5"
  
  "@babel/plugin-syntax-dynamic-import@^7.8.3":
    version "7.8.3"
    resolved "https://registry.npm.taobao.org/@babel/plugin-syntax-dynamic-import/download/@babel/plugin-syntax-dynamic-import-7.8.3.tgz"
    integrity sha1-Yr+Ysto80h1iYVT8lu5bPLaOrLM=
    dependencies:
      "@babel/helper-plugin-utils" "^7.8.0"
  
  "@babel/plugin-syntax-export-namespace-from@^7.8.3":
    version "7.8.3"
    resolved "https://registry.npm.taobao.org/@babel/plugin-syntax-export-namespace-from/download/@babel/plugin-syntax-export-namespace-from-7.8.3.tgz"
    integrity sha1-AolkqbqA28CUyRXEh618TnpmRlo=
    dependencies:
      "@babel/helper-plugin-utils" "^7.8.3"
  
  "@babel/plugin-syntax-json-strings@^7.8.3":
    version "7.8.3"
    resolved "https://registry.npm.taobao.org/@babel/plugin-syntax-json-strings/download/@babel/plugin-syntax-json-strings-7.8.3.tgz"
    integrity sha1-AcohtmjNghjJ5kDLbdiMVBKyyWo=
    dependencies:
      "@babel/helper-plugin-utils" "^7.8.0"
  
  "@babel/plugin-syntax-logical-assignment-operators@^7.10.4":
    version "7.10.4"
    resolved "https://registry.npm.taobao.org/@babel/plugin-syntax-logical-assignment-operators/download/@babel/plugin-syntax-logical-assignment-operators-7.10.4.tgz?cache=0&sync_timestamp=1593525072473&other_urls=https%3A%2F%2Fregistry.npm.taobao.org%2F%40babel%2Fplugin-syntax-logical-assignment-operators%2Fdownload%2F%40babel%2Fplugin-syntax-logical-assignment-operators-7.10.4.tgz"
    integrity sha1-ypHvRjA1MESLkGZSusLp/plB9pk=
    dependencies:
      "@babel/helper-plugin-utils" "^7.10.4"
  
  "@babel/plugin-syntax-nullish-coalescing-operator@^7.8.3":
    version "7.8.3"
    resolved "https://registry.npm.taobao.org/@babel/plugin-syntax-nullish-coalescing-operator/download/@babel/plugin-syntax-nullish-coalescing-operator-7.8.3.tgz"
    integrity sha1-Fn7XA2iIYIH3S1w2xlqIwDtm0ak=
    dependencies:
      "@babel/helper-plugin-utils" "^7.8.0"
  
  "@babel/plugin-syntax-numeric-separator@^7.10.4":
    version "7.10.4"
    resolved "https://registry.npm.taobao.org/@babel/plugin-syntax-numeric-separator/download/@babel/plugin-syntax-numeric-separator-7.10.4.tgz?cache=0&sync_timestamp=1593522054358&other_urls=https%3A%2F%2Fregistry.npm.taobao.org%2F%40babel%2Fplugin-syntax-numeric-separator%2Fdownload%2F%40babel%2Fplugin-syntax-numeric-separator-7.10.4.tgz"
    integrity sha1-ubBws+M1cM2f0Hun+pHA3Te5r5c=
    dependencies:
      "@babel/helper-plugin-utils" "^7.10.4"
  
  "@babel/plugin-syntax-object-rest-spread@^7.8.3":
    version "7.8.3"
    resolved "https://registry.npm.taobao.org/@babel/plugin-syntax-object-rest-spread/download/@babel/plugin-syntax-object-rest-spread-7.8.3.tgz"
    integrity sha1-YOIl7cvZimQDMqLnLdPmbxr1WHE=
    dependencies:
      "@babel/helper-plugin-utils" "^7.8.0"
  
  "@babel/plugin-syntax-optional-catch-binding@^7.8.3":
    version "7.8.3"
    resolved "https://registry.npm.taobao.org/@babel/plugin-syntax-optional-catch-binding/download/@babel/plugin-syntax-optional-catch-binding-7.8.3.tgz"
    integrity sha1-YRGiZbz7Ag6579D9/X0mQCue1sE=
    dependencies:
      "@babel/helper-plugin-utils" "^7.8.0"
  
  "@babel/plugin-syntax-optional-chaining@^7.8.3":
    version "7.8.3"
    resolved "https://registry.npm.taobao.org/@babel/plugin-syntax-optional-chaining/download/@babel/plugin-syntax-optional-chaining-7.8.3.tgz"
    integrity sha1-T2nCq5UWfgGAzVM2YT+MV4j31Io=
    dependencies:
      "@babel/helper-plugin-utils" "^7.8.0"
  
  "@babel/plugin-syntax-private-property-in-object@^7.14.5":
    version "7.14.5"
    resolved "https://registry.nlark.com/@babel/plugin-syntax-private-property-in-object/download/@babel/plugin-syntax-private-property-in-object-7.14.5.tgz?cache=0&sync_timestamp=1623280423879&other_urls=https%3A%2F%2Fregistry.nlark.com%2F%40babel%2Fplugin-syntax-private-property-in-object%2Fdownload%2F%40babel%2Fplugin-syntax-private-property-in-object-7.14.5.tgz"
    integrity sha1-DcZnHsDqIrbpShEU+FeXDNOd4a0=
    dependencies:
      "@babel/helper-plugin-utils" "^7.14.5"
  
  "@babel/plugin-syntax-top-level-await@^7.14.5":
    version "7.14.5"
    resolved "https://registry.nlark.com/@babel/plugin-syntax-top-level-await/download/@babel/plugin-syntax-top-level-await-7.14.5.tgz?cache=0&sync_timestamp=1623280427172&other_urls=https%3A%2F%2Fregistry.nlark.com%2F%40babel%2Fplugin-syntax-top-level-await%2Fdownload%2F%40babel%2Fplugin-syntax-top-level-await-7.14.5.tgz"
    integrity sha1-wc/a3DWmRiQAAfBhOCR7dBw02Uw=
    dependencies:
      "@babel/helper-plugin-utils" "^7.14.5"
  
  "@babel/plugin-syntax-typescript@^7.14.5":
    version "7.14.5"
    resolved "https://registry.nlark.com/@babel/plugin-syntax-typescript/download/@babel/plugin-syntax-typescript-7.14.5.tgz?cache=0&sync_timestamp=1623281252012&other_urls=https%3A%2F%2Fregistry.nlark.com%2F%40babel%2Fplugin-syntax-typescript%2Fdownload%2F%40babel%2Fplugin-syntax-typescript-7.14.5.tgz"
    integrity sha1-uCxs5HGxZbXOQgz5KRTW+0YiVxY=
    dependencies:
      "@babel/helper-plugin-utils" "^7.14.5"
  
  "@babel/plugin-transform-arrow-functions@^7.14.5":
    version "7.14.5"
    resolved "https://registry.nlark.com/@babel/plugin-transform-arrow-functions/download/@babel/plugin-transform-arrow-functions-7.14.5.tgz"
    integrity sha1-9xh9lYinaN0IC/TJ/+EX6mL3hio=
    dependencies:
      "@babel/helper-plugin-utils" "^7.14.5"
  
  "@babel/plugin-transform-async-to-generator@^7.14.5":
    version "7.14.5"
    resolved "https://registry.nlark.com/@babel/plugin-transform-async-to-generator/download/@babel/plugin-transform-async-to-generator-7.14.5.tgz?cache=0&sync_timestamp=1623280415969&other_urls=https%3A%2F%2Fregistry.nlark.com%2F%40babel%2Fplugin-transform-async-to-generator%2Fdownload%2F%40babel%2Fplugin-transform-async-to-generator-7.14.5.tgz"
    integrity sha1-cseJCE2PIJSsuUVjOUPvhEPTnmc=
    dependencies:
      "@babel/helper-module-imports" "^7.14.5"
      "@babel/helper-plugin-utils" "^7.14.5"
      "@babel/helper-remap-async-to-generator" "^7.14.5"
  
  "@babel/plugin-transform-block-scoped-functions@^7.14.5":
    version "7.14.5"
    resolved "https://registry.nlark.com/@babel/plugin-transform-block-scoped-functions/download/@babel/plugin-transform-block-scoped-functions-7.14.5.tgz?cache=0&sync_timestamp=1623280426909&other_urls=https%3A%2F%2Fregistry.nlark.com%2F%40babel%2Fplugin-transform-block-scoped-functions%2Fdownload%2F%40babel%2Fplugin-transform-block-scoped-functions-7.14.5.tgz"
    integrity sha1-5IZB2ZnUvBV6Z+8zautUvET9OtQ=
    dependencies:
      "@babel/helper-plugin-utils" "^7.14.5"
  
  "@babel/plugin-transform-block-scoping@^7.14.5":
    version "7.15.3"
    resolved "https://registry.nlark.com/@babel/plugin-transform-block-scoping/download/@babel/plugin-transform-block-scoping-7.15.3.tgz"
    integrity sha1-lMgabi/CMLzObvU3rJah5NKzr68=
    dependencies:
      "@babel/helper-plugin-utils" "^7.14.5"
  
  "@babel/plugin-transform-classes@^7.14.9":
    version "7.14.9"
    resolved "https://registry.nlark.com/@babel/plugin-transform-classes/download/@babel/plugin-transform-classes-7.14.9.tgz?cache=0&sync_timestamp=1627804431298&other_urls=https%3A%2F%2Fregistry.nlark.com%2F%40babel%2Fplugin-transform-classes%2Fdownload%2F%40babel%2Fplugin-transform-classes-7.14.9.tgz"
    integrity sha1-Kjkf+x5SknELAPLiwhDhQ159RJ8=
    dependencies:
      "@babel/helper-annotate-as-pure" "^7.14.5"
      "@babel/helper-function-name" "^7.14.5"
      "@babel/helper-optimise-call-expression" "^7.14.5"
      "@babel/helper-plugin-utils" "^7.14.5"
      "@babel/helper-replace-supers" "^7.14.5"
      "@babel/helper-split-export-declaration" "^7.14.5"
      globals "^11.1.0"
  
  "@babel/plugin-transform-computed-properties@^7.14.5":
    version "7.14.5"
    resolved "https://registry.nlark.com/@babel/plugin-transform-computed-properties/download/@babel/plugin-transform-computed-properties-7.14.5.tgz?cache=0&sync_timestamp=1623280393882&other_urls=https%3A%2F%2Fregistry.nlark.com%2F%40babel%2Fplugin-transform-computed-properties%2Fdownload%2F%40babel%2Fplugin-transform-computed-properties-7.14.5.tgz"
    integrity sha1-G514mHQg0RIj1BGVRhzEO5dLIE8=
    dependencies:
      "@babel/helper-plugin-utils" "^7.14.5"
  
  "@babel/plugin-transform-destructuring@^7.14.7":
    version "7.14.7"
    resolved "https://registry.nlark.com/@babel/plugin-transform-destructuring/download/@babel/plugin-transform-destructuring-7.14.7.tgz"
    integrity sha1-CtWO034j4iCE0QnxhSYINeVVdXY=
    dependencies:
      "@babel/helper-plugin-utils" "^7.14.5"
  
  "@babel/plugin-transform-dotall-regex@^7.14.5", "@babel/plugin-transform-dotall-regex@^7.4.4":
    version "7.14.5"
    resolved "https://registry.nlark.com/@babel/plugin-transform-dotall-regex/download/@babel/plugin-transform-dotall-regex-7.14.5.tgz"
    integrity sha1-L2v3bka9+AQ7Tn4WzyRTJim6DHo=
    dependencies:
      "@babel/helper-create-regexp-features-plugin" "^7.14.5"
      "@babel/helper-plugin-utils" "^7.14.5"
  
  "@babel/plugin-transform-duplicate-keys@^7.14.5":
    version "7.14.5"
    resolved "https://registry.nlark.com/@babel/plugin-transform-duplicate-keys/download/@babel/plugin-transform-duplicate-keys-7.14.5.tgz"
    integrity sha1-NlpIRIgb3xUB46nwJw5/D5EXeVQ=
    dependencies:
      "@babel/helper-plugin-utils" "^7.14.5"
  
  "@babel/plugin-transform-exponentiation-operator@^7.14.5":
    version "7.14.5"
    resolved "https://registry.nlark.com/@babel/plugin-transform-exponentiation-operator/download/@babel/plugin-transform-exponentiation-operator-7.14.5.tgz"
    integrity sha1-UVS43Wo9/m2Qkj1hckvT3uuQtJM=
    dependencies:
      "@babel/helper-builder-binary-assignment-operator-visitor" "^7.14.5"
      "@babel/helper-plugin-utils" "^7.14.5"
  
  "@babel/plugin-transform-for-of@^7.14.5":
    version "7.14.5"
    resolved "https://registry.nlark.com/@babel/plugin-transform-for-of/download/@babel/plugin-transform-for-of-7.14.5.tgz?cache=0&sync_timestamp=1623280394473&other_urls=https%3A%2F%2Fregistry.nlark.com%2F%40babel%2Fplugin-transform-for-of%2Fdownload%2F%40babel%2Fplugin-transform-for-of-7.14.5.tgz"
    integrity sha1-2uOEYT3o93wZaohpy/YCpE9/wOs=
    dependencies:
      "@babel/helper-plugin-utils" "^7.14.5"
  
  "@babel/plugin-transform-function-name@^7.14.5":
    version "7.14.5"
    resolved "https://registry.nlark.com/@babel/plugin-transform-function-name/download/@babel/plugin-transform-function-name-7.14.5.tgz?cache=0&sync_timestamp=1623280395990&other_urls=https%3A%2F%2Fregistry.nlark.com%2F%40babel%2Fplugin-transform-function-name%2Fdownload%2F%40babel%2Fplugin-transform-function-name-7.14.5.tgz"
    integrity sha1-6Bxl7LkAdG1/MYAva+0fUtkV1vI=
    dependencies:
      "@babel/helper-function-name" "^7.14.5"
      "@babel/helper-plugin-utils" "^7.14.5"
  
  "@babel/plugin-transform-literals@^7.14.5":
    version "7.14.5"
    resolved "https://registry.nlark.com/@babel/plugin-transform-literals/download/@babel/plugin-transform-literals-7.14.5.tgz"
    integrity sha1-QdBsf/XU0J489Fh70+zzkwxzD3g=
    dependencies:
      "@babel/helper-plugin-utils" "^7.14.5"
  
  "@babel/plugin-transform-member-expression-literals@^7.14.5":
    version "7.14.5"
    resolved "https://registry.nlark.com/@babel/plugin-transform-member-expression-literals/download/@babel/plugin-transform-member-expression-literals-7.14.5.tgz"
    integrity sha1-s5zVISor8jWmF9Mg7CtIvMCRuKc=
    dependencies:
      "@babel/helper-plugin-utils" "^7.14.5"
  
  "@babel/plugin-transform-modules-amd@^7.14.5":
    version "7.14.5"
    resolved "https://registry.nlark.com/@babel/plugin-transform-modules-amd/download/@babel/plugin-transform-modules-amd-7.14.5.tgz?cache=0&sync_timestamp=1623280416173&other_urls=https%3A%2F%2Fregistry.nlark.com%2F%40babel%2Fplugin-transform-modules-amd%2Fdownload%2F%40babel%2Fplugin-transform-modules-amd-7.14.5.tgz"
    integrity sha1-T9nOfjQRy4uDhISAtwQdgwBIWPc=
    dependencies:
      "@babel/helper-module-transforms" "^7.14.5"
      "@babel/helper-plugin-utils" "^7.14.5"
      babel-plugin-dynamic-import-node "^2.3.3"
  
  "@babel/plugin-transform-modules-commonjs@^7.15.0":
    version "7.15.0"
    resolved "https://registry.nlark.com/@babel/plugin-transform-modules-commonjs/download/@babel/plugin-transform-modules-commonjs-7.15.0.tgz"
    integrity sha1-MwWJblg1+VO1zbNjrNnowiGaUoE=
    dependencies:
      "@babel/helper-module-transforms" "^7.15.0"
      "@babel/helper-plugin-utils" "^7.14.5"
      "@babel/helper-simple-access" "^7.14.8"
      babel-plugin-dynamic-import-node "^2.3.3"
  
  "@babel/plugin-transform-modules-systemjs@^7.14.5":
    version "7.14.5"
    resolved "https://registry.nlark.com/@babel/plugin-transform-modules-systemjs/download/@babel/plugin-transform-modules-systemjs-7.14.5.tgz"
    integrity sha1-x1NC74sw3N5CldNAGq4k5lY47Sk=
    dependencies:
      "@babel/helper-hoist-variables" "^7.14.5"
      "@babel/helper-module-transforms" "^7.14.5"
      "@babel/helper-plugin-utils" "^7.14.5"
      "@babel/helper-validator-identifier" "^7.14.5"
      babel-plugin-dynamic-import-node "^2.3.3"
  
  "@babel/plugin-transform-modules-umd@^7.14.5":
    version "7.14.5"
    resolved "https://registry.nlark.com/@babel/plugin-transform-modules-umd/download/@babel/plugin-transform-modules-umd-7.14.5.tgz?cache=0&sync_timestamp=1623280420892&other_urls=https%3A%2F%2Fregistry.nlark.com%2F%40babel%2Fplugin-transform-modules-umd%2Fdownload%2F%40babel%2Fplugin-transform-modules-umd-7.14.5.tgz"
    integrity sha1-+2Yt/uaXzOJ0p82lJRkKeQlqpuA=
    dependencies:
      "@babel/helper-module-transforms" "^7.14.5"
      "@babel/helper-plugin-utils" "^7.14.5"
  
  "@babel/plugin-transform-named-capturing-groups-regex@^7.14.9":
    version "7.14.9"
    resolved "https://registry.nlark.com/@babel/plugin-transform-named-capturing-groups-regex/download/@babel/plugin-transform-named-capturing-groups-regex-7.14.9.tgz?cache=0&sync_timestamp=1627804432890&other_urls=https%3A%2F%2Fregistry.nlark.com%2F%40babel%2Fplugin-transform-named-capturing-groups-regex%2Fdownload%2F%40babel%2Fplugin-transform-named-capturing-groups-regex-7.14.9.tgz"
    integrity sha1-xo9cXRLS66ujdi5XwsT2NHpG57I=
    dependencies:
      "@babel/helper-create-regexp-features-plugin" "^7.14.5"
  
  "@babel/plugin-transform-new-target@^7.14.5":
    version "7.14.5"
    resolved "https://registry.nlark.com/@babel/plugin-transform-new-target/download/@babel/plugin-transform-new-target-7.14.5.tgz"
    integrity sha1-Mb2ui5JdyEB26/zSqZQBQ67X2/g=
    dependencies:
      "@babel/helper-plugin-utils" "^7.14.5"
  
  "@babel/plugin-transform-object-super@^7.14.5":
    version "7.14.5"
    resolved "https://registry.nlark.com/@babel/plugin-transform-object-super/download/@babel/plugin-transform-object-super-7.14.5.tgz?cache=0&sync_timestamp=1623280405923&other_urls=https%3A%2F%2Fregistry.nlark.com%2F%40babel%2Fplugin-transform-object-super%2Fdownload%2F%40babel%2Fplugin-transform-object-super-7.14.5.tgz"
    integrity sha1-0LX66snphZehYanPeMUn7ZNM3EU=
    dependencies:
      "@babel/helper-plugin-utils" "^7.14.5"
      "@babel/helper-replace-supers" "^7.14.5"
  
  "@babel/plugin-transform-parameters@^7.14.5":
    version "7.14.5"
    resolved "https://registry.nlark.com/@babel/plugin-transform-parameters/download/@babel/plugin-transform-parameters-7.14.5.tgz"
    integrity sha1-SWYuhqHz3cysY2On37H/ChWK/rM=
    dependencies:
      "@babel/helper-plugin-utils" "^7.14.5"
  
  "@babel/plugin-transform-property-literals@^7.14.5":
    version "7.14.5"
    resolved "https://registry.nlark.com/@babel/plugin-transform-property-literals/download/@babel/plugin-transform-property-literals-7.14.5.tgz"
    integrity sha1-DduqH4PbNgbxzfSEb6HftHNFizQ=
    dependencies:
      "@babel/helper-plugin-utils" "^7.14.5"
  
  "@babel/plugin-transform-regenerator@^7.14.5":
    version "7.14.5"
    resolved "https://registry.nlark.com/@babel/plugin-transform-regenerator/download/@babel/plugin-transform-regenerator-7.14.5.tgz"
    integrity sha1-lnb9VwftKPUicnxbPAqoVERAsE8=
    dependencies:
      regenerator-transform "^0.14.2"
  
  "@babel/plugin-transform-reserved-words@^7.14.5":
    version "7.14.5"
    resolved "https://registry.nlark.com/@babel/plugin-transform-reserved-words/download/@babel/plugin-transform-reserved-words-7.14.5.tgz"
    integrity sha1-xEWJtmHP2++NQwDcx0ad/6kvgwQ=
    dependencies:
      "@babel/helper-plugin-utils" "^7.14.5"
  
  "@babel/plugin-transform-shorthand-properties@^7.14.5":
    version "7.14.5"
    resolved "https://registry.nlark.com/@babel/plugin-transform-shorthand-properties/download/@babel/plugin-transform-shorthand-properties-7.14.5.tgz"
    integrity sha1-l/E4VfFAkzjYyty6ymcK154JGlg=
    dependencies:
      "@babel/helper-plugin-utils" "^7.14.5"
  
  "@babel/plugin-transform-spread@^7.14.6":
    version "7.14.6"
    resolved "https://registry.nlark.com/@babel/plugin-transform-spread/download/@babel/plugin-transform-spread-7.14.6.tgz"
    integrity sha1-a9QOV/596UqpBIUZY7VhZlL3MUQ=
    dependencies:
      "@babel/helper-plugin-utils" "^7.14.5"
      "@babel/helper-skip-transparent-expression-wrappers" "^7.14.5"
  
  "@babel/plugin-transform-sticky-regex@^7.14.5":
    version "7.14.5"
    resolved "https://registry.nlark.com/@babel/plugin-transform-sticky-regex/download/@babel/plugin-transform-sticky-regex-7.14.5.tgz"
    integrity sha1-W2F1Qmdei3dhKUOB88KMYz9Arrk=
    dependencies:
      "@babel/helper-plugin-utils" "^7.14.5"
  
  "@babel/plugin-transform-template-literals@^7.14.5":
    version "7.14.5"
    resolved "https://registry.nlark.com/@babel/plugin-transform-template-literals/download/@babel/plugin-transform-template-literals-7.14.5.tgz"
    integrity sha1-pfK8Izk32EU4hdxza92Nn/q/PZM=
    dependencies:
      "@babel/helper-plugin-utils" "^7.14.5"
  
  "@babel/plugin-transform-typeof-symbol@^7.14.5":
    version "7.14.5"
    resolved "https://registry.nlark.com/@babel/plugin-transform-typeof-symbol/download/@babel/plugin-transform-typeof-symbol-7.14.5.tgz"
    integrity sha1-Oa8nOemJor0pG/a1PxaYFCPUV9Q=
    dependencies:
      "@babel/helper-plugin-utils" "^7.14.5"
  
  "@babel/plugin-transform-typescript@^7.15.0":
    version "7.15.0"
    resolved "https://registry.nlark.com/@babel/plugin-transform-typescript/download/@babel/plugin-transform-typescript-7.15.0.tgz"
    integrity sha1-VT8jC51ThQGHFlhvxI2xDdIo634=
    dependencies:
      "@babel/helper-create-class-features-plugin" "^7.15.0"
      "@babel/helper-plugin-utils" "^7.14.5"
      "@babel/plugin-syntax-typescript" "^7.14.5"
  
  "@babel/plugin-transform-unicode-escapes@^7.14.5":
    version "7.14.5"
    resolved "https://registry.nlark.com/@babel/plugin-transform-unicode-escapes/download/@babel/plugin-transform-unicode-escapes-7.14.5.tgz"
    integrity sha1-nUvSpoHjxdes9PV/qeURddkdDGs=
    dependencies:
      "@babel/helper-plugin-utils" "^7.14.5"
  
  "@babel/plugin-transform-unicode-regex@^7.14.5":
    version "7.14.5"
    resolved "https://registry.nlark.com/@babel/plugin-transform-unicode-regex/download/@babel/plugin-transform-unicode-regex-7.14.5.tgz"
    integrity sha1-TNCbbIQl3YElXHzrP7GDbnQUOC4=
    dependencies:
      "@babel/helper-create-regexp-features-plugin" "^7.14.5"
      "@babel/helper-plugin-utils" "^7.14.5"
  
  "@babel/preset-env@^7.15.0":
    version "7.15.0"
    resolved "https://registry.nlark.com/@babel/preset-env/download/@babel/preset-env-7.15.0.tgz"
    integrity sha1-4hZb8WWUycBeUlF6GUv2GH1v5GQ=
    dependencies:
      "@babel/compat-data" "^7.15.0"
      "@babel/helper-compilation-targets" "^7.15.0"
      "@babel/helper-plugin-utils" "^7.14.5"
      "@babel/helper-validator-option" "^7.14.5"
      "@babel/plugin-bugfix-v8-spread-parameters-in-optional-chaining" "^7.14.5"
      "@babel/plugin-proposal-async-generator-functions" "^7.14.9"
      "@babel/plugin-proposal-class-properties" "^7.14.5"
      "@babel/plugin-proposal-class-static-block" "^7.14.5"
      "@babel/plugin-proposal-dynamic-import" "^7.14.5"
      "@babel/plugin-proposal-export-namespace-from" "^7.14.5"
      "@babel/plugin-proposal-json-strings" "^7.14.5"
      "@babel/plugin-proposal-logical-assignment-operators" "^7.14.5"
      "@babel/plugin-proposal-nullish-coalescing-operator" "^7.14.5"
      "@babel/plugin-proposal-numeric-separator" "^7.14.5"
      "@babel/plugin-proposal-object-rest-spread" "^7.14.7"
      "@babel/plugin-proposal-optional-catch-binding" "^7.14.5"
      "@babel/plugin-proposal-optional-chaining" "^7.14.5"
      "@babel/plugin-proposal-private-methods" "^7.14.5"
      "@babel/plugin-proposal-private-property-in-object" "^7.14.5"
      "@babel/plugin-proposal-unicode-property-regex" "^7.14.5"
      "@babel/plugin-syntax-async-generators" "^7.8.4"
      "@babel/plugin-syntax-class-properties" "^7.12.13"
      "@babel/plugin-syntax-class-static-block" "^7.14.5"
      "@babel/plugin-syntax-dynamic-import" "^7.8.3"
      "@babel/plugin-syntax-export-namespace-from" "^7.8.3"
      "@babel/plugin-syntax-json-strings" "^7.8.3"
      "@babel/plugin-syntax-logical-assignment-operators" "^7.10.4"
      "@babel/plugin-syntax-nullish-coalescing-operator" "^7.8.3"
      "@babel/plugin-syntax-numeric-separator" "^7.10.4"
      "@babel/plugin-syntax-object-rest-spread" "^7.8.3"
      "@babel/plugin-syntax-optional-catch-binding" "^7.8.3"
      "@babel/plugin-syntax-optional-chaining" "^7.8.3"
      "@babel/plugin-syntax-private-property-in-object" "^7.14.5"
      "@babel/plugin-syntax-top-level-await" "^7.14.5"
      "@babel/plugin-transform-arrow-functions" "^7.14.5"
      "@babel/plugin-transform-async-to-generator" "^7.14.5"
      "@babel/plugin-transform-block-scoped-functions" "^7.14.5"
      "@babel/plugin-transform-block-scoping" "^7.14.5"
      "@babel/plugin-transform-classes" "^7.14.9"
      "@babel/plugin-transform-computed-properties" "^7.14.5"
      "@babel/plugin-transform-destructuring" "^7.14.7"
      "@babel/plugin-transform-dotall-regex" "^7.14.5"
      "@babel/plugin-transform-duplicate-keys" "^7.14.5"
      "@babel/plugin-transform-exponentiation-operator" "^7.14.5"
      "@babel/plugin-transform-for-of" "^7.14.5"
      "@babel/plugin-transform-function-name" "^7.14.5"
      "@babel/plugin-transform-literals" "^7.14.5"
      "@babel/plugin-transform-member-expression-literals" "^7.14.5"
      "@babel/plugin-transform-modules-amd" "^7.14.5"
      "@babel/plugin-transform-modules-commonjs" "^7.15.0"
      "@babel/plugin-transform-modules-systemjs" "^7.14.5"
      "@babel/plugin-transform-modules-umd" "^7.14.5"
      "@babel/plugin-transform-named-capturing-groups-regex" "^7.14.9"
      "@babel/plugin-transform-new-target" "^7.14.5"
      "@babel/plugin-transform-object-super" "^7.14.5"
      "@babel/plugin-transform-parameters" "^7.14.5"
      "@babel/plugin-transform-property-literals" "^7.14.5"
      "@babel/plugin-transform-regenerator" "^7.14.5"
      "@babel/plugin-transform-reserved-words" "^7.14.5"
      "@babel/plugin-transform-shorthand-properties" "^7.14.5"
      "@babel/plugin-transform-spread" "^7.14.6"
      "@babel/plugin-transform-sticky-regex" "^7.14.5"
      "@babel/plugin-transform-template-literals" "^7.14.5"
      "@babel/plugin-transform-typeof-symbol" "^7.14.5"
      "@babel/plugin-transform-unicode-escapes" "^7.14.5"
      "@babel/plugin-transform-unicode-regex" "^7.14.5"
      "@babel/preset-modules" "^0.1.4"
      "@babel/types" "^7.15.0"
      babel-plugin-polyfill-corejs2 "^0.2.2"
      babel-plugin-polyfill-corejs3 "^0.2.2"
      babel-plugin-polyfill-regenerator "^0.2.2"
      core-js-compat "^3.16.0"
      semver "^6.3.0"
  
  "@babel/preset-modules@^0.1.4":
    version "0.1.4"
    resolved "https://registry.npm.taobao.org/@babel/preset-modules/download/@babel/preset-modules-0.1.4.tgz?cache=0&sync_timestamp=1598549685847&other_urls=https%3A%2F%2Fregistry.npm.taobao.org%2F%40babel%2Fpreset-modules%2Fdownload%2F%40babel%2Fpreset-modules-0.1.4.tgz"
    integrity sha1-Ni8raMZihClw/bXiVP/I/BwuQV4=
    dependencies:
      "@babel/helper-plugin-utils" "^7.0.0"
      "@babel/plugin-proposal-unicode-property-regex" "^7.4.4"
      "@babel/plugin-transform-dotall-regex" "^7.4.4"
      "@babel/types" "^7.4.4"
      esutils "^2.0.2"
  
  "@babel/preset-typescript@^7.15.0":
    version "7.15.0"
    resolved "https://registry.nlark.com/@babel/preset-typescript/download/@babel/preset-typescript-7.15.0.tgz"
    integrity sha1-6PymOKGg9k8U4RGff+RQAneECUU=
    dependencies:
      "@babel/helper-plugin-utils" "^7.14.5"
      "@babel/helper-validator-option" "^7.14.5"
      "@babel/plugin-transform-typescript" "^7.15.0"
  
  "@babel/runtime@^7.8.4":
    version "7.15.3"
    resolved "https://registry.nlark.com/@babel/runtime/download/@babel/runtime-7.15.3.tgz"
    integrity sha1-LhwogMoRjlsvmYgyK9inZWoyUCs=
    dependencies:
      regenerator-runtime "^0.13.4"
  
  "@babel/template@^7.14.5":
    version "7.14.5"
    resolved "https://registry.nlark.com/@babel/template/download/@babel/template-7.14.5.tgz"
    integrity sha1-qbydizM1T/blWpxg0RCSAKaJdPQ=
    dependencies:
      "@babel/code-frame" "^7.14.5"
      "@babel/parser" "^7.14.5"
      "@babel/types" "^7.14.5"
  
  "@babel/traverse@^7.13.0", "@babel/traverse@^7.14.5", "@babel/traverse@^7.14.8", "@babel/traverse@^7.15.0":
    version "7.15.0"
    resolved "https://registry.nlark.com/@babel/traverse/download/@babel/traverse-7.15.0.tgz"
    integrity sha1-TMqDj9GyoDKDwfOOFB9jnWCz/Jg=
    dependencies:
      "@babel/code-frame" "^7.14.5"
      "@babel/generator" "^7.15.0"
      "@babel/helper-function-name" "^7.14.5"
      "@babel/helper-hoist-variables" "^7.14.5"
      "@babel/helper-split-export-declaration" "^7.14.5"
      "@babel/parser" "^7.15.0"
      "@babel/types" "^7.15.0"
      debug "^4.1.0"
      globals "^11.1.0"
  
  "@babel/types@^7.0.0", "@babel/types@^7.14.5", "@babel/types@^7.14.8", "@babel/types@^7.15.0", "@babel/types@^7.4.4":
    version "7.15.0"
    resolved "https://registry.nlark.com/@babel/types/download/@babel/types-7.15.0.tgz"
    integrity sha1-Ya8R8ihsTpxpyo3rX0N1pzxy3L0=
    dependencies:
      "@babel/helper-validator-identifier" "^7.14.9"
      to-fast-properties "^2.0.0"
  
  "@rollup/plugin-babel@^4.4.0":
    version "5.3.0"
    resolved "https://registry.npm.taobao.org/@rollup/plugin-babel/download/@rollup/plugin-babel-5.3.0.tgz#9cb1c5146ddd6a4968ad96f209c50c62f92f9879"
    integrity sha1-nLHFFG3daklorZbyCcUMYvkvmHk=
    dependencies:
      "@babel/helper-module-imports" "^7.10.4"
      "@rollup/pluginutils" "^3.1.0"
  
  "@rollup/plugin-commonjs@^10.1.0":
    version "20.0.0"
    resolved "https://registry.nlark.com/@rollup/plugin-commonjs/download/@rollup/plugin-commonjs-20.0.0.tgz#3246872dcbcb18a54aaa6277a8c7d7f1b155b745"
    integrity sha1-MkaHLcvLGKVKqmJ3qMfX8bFVt0U=
    dependencies:
      "@rollup/pluginutils" "^3.1.0"
      commondir "^1.0.1"
      estree-walker "^2.0.1"
      glob "^7.1.6"
      is-reference "^1.2.1"
      magic-string "^0.25.7"
      resolve "^1.17.0"
  
  "@rollup/plugin-json@^4.1.0":
    version "4.1.0"
    resolved "https://registry.nlark.com/@rollup/plugin-json/download/@rollup/plugin-json-4.1.0.tgz#54e09867ae6963c593844d8bd7a9c718294496f3"
    integrity sha1-VOCYZ65pY8WThE2L16nHGClElvM=
    dependencies:
      "@rollup/pluginutils" "^3.0.8"
  
  "@rollup/plugin-node-resolve@^5.2.0":
    version "13.0.4"
    resolved "https://registry.nlark.com/@rollup/plugin-node-resolve/download/@rollup/plugin-node-resolve-13.0.4.tgz#b10222f4145a019740acb7738402130d848660c0"
    integrity sha1-sQIi9BRaAZdArLdzhAITDYSGYMA=
    dependencies:
      "@rollup/pluginutils" "^3.1.0"
      "@types/resolve" "1.17.1"
      builtin-modules "^3.1.0"
      deepmerge "^4.2.2"
      is-module "^1.0.0"
      resolve "^1.19.0"
  
  "@rollup/plugin-replace@^3.0.0":
    version "3.0.0"
    resolved "https://registry.nlark.com/@rollup/plugin-replace/download/@rollup/plugin-replace-3.0.0.tgz?cache=0&sync_timestamp=1626445818220&other_urls=https%3A%2F%2Fregistry.nlark.com%2F%40rollup%2Fplugin-replace%2Fdownload%2F%40rollup%2Fplugin-replace-3.0.0.tgz#3a4c9665d4e7a4ce2c360cf021232784892f3fac"
    integrity sha1-OkyWZdTnpM4sNgzwISMnhIkvP6w=
    dependencies:
      "@rollup/pluginutils" "^3.1.0"
      magic-string "^0.25.7"
  
  "@rollup/plugin-typescript@^1.0.1":
    version "8.2.5"
    resolved "https://registry.nlark.com/@rollup/plugin-typescript/download/@rollup/plugin-typescript-8.2.5.tgz#e0319761b2b5105615e5a0c371ae05bc2984b7de"
    integrity sha1-4DGXYbK1EFYV5aDDca4FvCmEt94=
    dependencies:
      "@rollup/pluginutils" "^3.1.0"
      resolve "^1.17.0"
  
  "@rollup/pluginutils@^3.0.8", "@rollup/pluginutils@^3.0.9", "@rollup/pluginutils@^3.1.0":
    version "3.1.0"
    resolved "https://registry.nlark.com/@rollup/pluginutils/download/@rollup/pluginutils-3.1.0.tgz"
    integrity sha1-cGtFJO5tyLEDs8mVUz5a1oDAK5s=
    dependencies:
      "@types/estree" "0.0.39"
      estree-walker "^1.0.1"
      picomatch "^2.2.2"
  
  "@types/babel__generator@^7.6.3":
    version "7.6.3"
    resolved "https://registry.nlark.com/@types/babel__generator/download/@types/babel__generator-7.6.3.tgz?cache=0&sync_timestamp=1629706648808&other_urls=https%3A%2F%2Fregistry.nlark.com%2F%40types%2Fbabel__generator%2Fdownload%2F%40types%2Fbabel__generator-7.6.3.tgz"
    integrity sha1-9Fa0ss55E392iqEw0kI9LwzPq6U=
    dependencies:
      "@babel/types" "^7.0.0"
  
  "@types/chrome@^0.0.154":
    version "0.0.154"
    resolved "https://registry.nlark.com/@types/chrome/download/@types/chrome-0.0.154.tgz"
    integrity sha1-eZLpc2T0RH6WECitB6yEPQsFLC0=
    dependencies:
      "@types/filesystem" "*"
      "@types/har-format" "*"
  
  "@types/estree@*":
    version "0.0.50"
    resolved "https://registry.nlark.com/@types/estree/download/@types/estree-0.0.50.tgz?cache=0&sync_timestamp=1625598996573&other_urls=https%3A%2F%2Fregistry.nlark.com%2F%40types%2Festree%2Fdownload%2F%40types%2Festree-0.0.50.tgz"
    integrity sha1-Hgyqk2TT/M0pMcPtlv2+ql1MyoM=
  
  "@types/estree@0.0.39":
    version "0.0.39"
    resolved "https://registry.nlark.com/@types/estree/download/@types/estree-0.0.39.tgz"
    integrity sha1-4Xfmme4bjCLSMXTKqnQiZEOJUJ8=
  
  "@types/filesystem@*":
    version "0.0.32"
    resolved "https://registry.nlark.com/@types/filesystem/download/@types/filesystem-0.0.32.tgz"
    integrity sha1-MH33zAhKIpPDwaMRUbF4Bj4Kjt8=
    dependencies:
      "@types/filewriter" "*"
  
  "@types/filewriter@*":
    version "0.0.29"
    resolved "https://registry.nlark.com/@types/filewriter/download/@types/filewriter-0.0.29.tgz"
    integrity sha1-pIeV7K35V/bA0Q4MNK+GwJj6W+4=
  
  "@types/har-format@*":
    version "1.2.7"
    resolved "https://registry.nlark.com/@types/har-format/download/@types/har-format-1.2.7.tgz"
    integrity sha1-3r/jY3jybE/Cq8od+Z8AqP+U/Sk=
  
  "@types/node@*":
    version "16.6.1"
    resolved "https://registry.nlark.com/@types/node/download/@types/node-16.6.1.tgz?cache=0&sync_timestamp=1628801104651&other_urls=https%3A%2F%2Fregistry.nlark.com%2F%40types%2Fnode%2Fdownload%2F%40types%2Fnode-16.6.1.tgz"
    integrity sha1-ruYse5ZvVfxmx7bfodWNsqYW2mE=
  
  "@types/resolve@1.17.1":
    version "1.17.1"
    resolved "https://registry.nlark.com/@types/resolve/download/@types/resolve-1.17.1.tgz?cache=0&sync_timestamp=1629709126008&other_urls=https%3A%2F%2Fregistry.nlark.com%2F%40types%2Fresolve%2Fdownload%2F%40types%2Fresolve-1.17.1.tgz"
    integrity sha1-Ov1q2JZ8d+Q3bFmKgt3Vj0bsRdY=
    dependencies:
      "@types/node" "*"
  
  ansi-styles@^3.2.1:
    version "3.2.1"
    resolved "https://registry.nlark.com/ansi-styles/download/ansi-styles-3.2.1.tgz?cache=0&sync_timestamp=1618995588464&other_urls=https%3A%2F%2Fregistry.nlark.com%2Fansi-styles%2Fdownload%2Fansi-styles-3.2.1.tgz"
    integrity sha1-QfuyAkPlCxK+DwS43tvwdSDOhB0=
    dependencies:
      color-convert "^1.9.0"
  
  atob@^2.1.2:
    version "2.1.2"
    resolved "https://registry.npm.taobao.org/atob/download/atob-2.1.2.tgz"
    integrity sha1-bZUX654DDSQ2ZmZR6GvZ9vE1M8k=
  
  babel-plugin-dynamic-import-node@^2.3.3:
    version "2.3.3"
    resolved "https://registry.npm.taobao.org/babel-plugin-dynamic-import-node/download/babel-plugin-dynamic-import-node-2.3.3.tgz?cache=0&sync_timestamp=1592843198494&other_urls=https%3A%2F%2Fregistry.npm.taobao.org%2Fbabel-plugin-dynamic-import-node%2Fdownload%2Fbabel-plugin-dynamic-import-node-2.3.3.tgz"
    integrity sha1-hP2hnJduxcbe/vV/lCez3vZuF6M=
    dependencies:
      object.assign "^4.1.0"
  
  babel-plugin-polyfill-corejs2@^0.2.2:
    version "0.2.2"
    resolved "https://registry.nlark.com/babel-plugin-polyfill-corejs2/download/babel-plugin-polyfill-corejs2-0.2.2.tgz?cache=0&sync_timestamp=1622023904181&other_urls=https%3A%2F%2Fregistry.nlark.com%2Fbabel-plugin-polyfill-corejs2%2Fdownload%2Fbabel-plugin-polyfill-corejs2-0.2.2.tgz"
    integrity sha1-6RJHheb9lPlLYYp5VOVpMFO/Uyc=
    dependencies:
      "@babel/compat-data" "^7.13.11"
      "@babel/helper-define-polyfill-provider" "^0.2.2"
      semver "^6.1.1"
  
  babel-plugin-polyfill-corejs3@^0.2.2:
    version "0.2.4"
    resolved "https://registry.nlark.com/babel-plugin-polyfill-corejs3/download/babel-plugin-polyfill-corejs3-0.2.4.tgz"
    integrity sha1-aMuBMWsOjZ1yGpLgAJ7G7NTNLKk=
    dependencies:
      "@babel/helper-define-polyfill-provider" "^0.2.2"
      core-js-compat "^3.14.0"
  
  babel-plugin-polyfill-regenerator@^0.2.2:
    version "0.2.2"
    resolved "https://registry.nlark.com/babel-plugin-polyfill-regenerator/download/babel-plugin-polyfill-regenerator-0.2.2.tgz"
    integrity sha1-sxDI1kKsraNIwfo7Pmzg6FG+4Hc=
    dependencies:
      "@babel/helper-define-polyfill-provider" "^0.2.2"
  
  balanced-match@^1.0.0:
    version "1.0.2"
    resolved "https://registry.nlark.com/balanced-match/download/balanced-match-1.0.2.tgz#e83e3a7e3f300b34cb9d87f615fa0cbf357690ee"
    integrity sha1-6D46fj8wCzTLnYf2FfoMvzV2kO4=
  
  brace-expansion@^1.1.7:
    version "1.1.11"
    resolved "https://registry.npm.taobao.org/brace-expansion/download/brace-expansion-1.1.11.tgz?cache=0&sync_timestamp=1614010713935&other_urls=https%3A%2F%2Fregistry.npm.taobao.org%2Fbrace-expansion%2Fdownload%2Fbrace-expansion-1.1.11.tgz#3c7fcbf529d87226f3d2f52b966ff5271eb441dd"
    integrity sha1-PH/L9SnYcibz0vUrlm/1Jx60Qd0=
    dependencies:
      balanced-match "^1.0.0"
      concat-map "0.0.1"
  
  browserslist@^4.16.6, browserslist@^4.16.8:
    version "4.16.8"
    resolved "https://registry.nlark.com/browserslist/download/browserslist-4.16.8.tgz"
    integrity sha1-y4aLC1VPE3um4z3g7P8u2kA8T7A=
    dependencies:
      caniuse-lite "^1.0.30001251"
      colorette "^1.3.0"
      electron-to-chromium "^1.3.811"
      escalade "^3.1.1"
      node-releases "^1.1.75"
  
  builtin-modules@^3.1.0:
    version "3.2.0"
    resolved "https://registry.npm.taobao.org/builtin-modules/download/builtin-modules-3.2.0.tgz"
    integrity sha1-RdXbmefuXmvE82LgCL+RerUEmIc=
  
  call-bind@^1.0.0:
    version "1.0.2"
    resolved "https://registry.npm.taobao.org/call-bind/download/call-bind-1.0.2.tgz?cache=0&sync_timestamp=1610403020286&other_urls=https%3A%2F%2Fregistry.npm.taobao.org%2Fcall-bind%2Fdownload%2Fcall-bind-1.0.2.tgz"
    integrity sha1-sdTonmiBGcPJqQOtMKuy9qkZvjw=
    dependencies:
      function-bind "^1.1.1"
      get-intrinsic "^1.0.2"
  
  caniuse-lite@^1.0.30001251:
    version "1.0.30001251"
    resolved "https://registry.nlark.com/caniuse-lite/download/caniuse-lite-1.0.30001251.tgz?cache=0&sync_timestamp=1628744198573&other_urls=https%3A%2F%2Fregistry.nlark.com%2Fcaniuse-lite%2Fdownload%2Fcaniuse-lite-1.0.30001251.tgz"
    integrity sha1-aFOmBuxQiTEV22YPgsCU0Y8JbYU=
  
  chalk@^2.0.0:
    version "2.4.2"
    resolved "https://registry.nlark.com/chalk/download/chalk-2.4.2.tgz"
    integrity sha1-zUJUFnelQzPPVBpJEIwUMrRMlCQ=
    dependencies:
      ansi-styles "^3.2.1"
      escape-string-regexp "^1.0.5"
      supports-color "^5.3.0"
  
  color-convert@^1.9.0:
    version "1.9.3"
    resolved "https://registry.npm.taobao.org/color-convert/download/color-convert-1.9.3.tgz"
    integrity sha1-u3GFBpDh8TZWfeYp0tVHHe2kweg=
    dependencies:
      color-name "1.1.3"
  
  color-name@1.1.3:
    version "1.1.3"
    resolved "https://registry.npm.taobao.org/color-name/download/color-name-1.1.3.tgz"
    integrity sha1-p9BVi9icQveV3UIyj3QIMcpTvCU=
  
  colorette@^1.3.0:
    version "1.3.0"
    resolved "https://registry.nlark.com/colorette/download/colorette-1.3.0.tgz"
    integrity sha1-/0XS8O2yRAadO3cq3rBP7TjQoK8=
  
  commondir@^1.0.1:
    version "1.0.1"
    resolved "https://registry.npm.taobao.org/commondir/download/commondir-1.0.1.tgz#ddd800da0c66127393cca5950ea968a3aaf1253b"
    integrity sha1-3dgA2gxmEnOTzKWVDqloo6rxJTs=
  
  concat-map@0.0.1:
    version "0.0.1"
    resolved "https://registry.nlark.com/concat-map/download/concat-map-0.0.1.tgz#d8a96bd77fd68df7793a73036a3ba0d5405d477b"
    integrity sha1-2Klr13/Wjfd5OnMDajug1UBdR3s=
  
  convert-source-map@^1.7.0:
    version "1.8.0"
    resolved "https://registry.nlark.com/convert-source-map/download/convert-source-map-1.8.0.tgz?cache=0&sync_timestamp=1624045451791&other_urls=https%3A%2F%2Fregistry.nlark.com%2Fconvert-source-map%2Fdownload%2Fconvert-source-map-1.8.0.tgz"
    integrity sha1-8zc8MtIbTXgN2ABFFGhPt5HKQ2k=
    dependencies:
      safe-buffer "~5.1.1"
  
  core-js-compat@^3.14.0, core-js-compat@^3.16.0:
    version "3.16.3"
    resolved "https://registry.nlark.com/core-js-compat/download/core-js-compat-3.16.3.tgz"
    integrity sha1-rhKm4gUFodefvRa2aJ38d/yYkRQ=
    dependencies:
      browserslist "^4.16.8"
      semver "7.0.0"
  
  debug@^4.1.0, debug@^4.1.1:
    version "4.3.2"
    resolved "https://registry.nlark.com/debug/download/debug-4.3.2.tgz?cache=0&sync_timestamp=1625374675284&other_urls=https%3A%2F%2Fregistry.nlark.com%2Fdebug%2Fdownload%2Fdebug-4.3.2.tgz"
    integrity sha1-8KScGKyHeeMdSgxgKd+3aHPHQos=
    dependencies:
      ms "2.1.2"
  
  decode-uri-component@^0.2.0:
    version "0.2.0"
    resolved "https://registry.npm.taobao.org/decode-uri-component/download/decode-uri-component-0.2.0.tgz"
    integrity sha1-6zkTMzRYd1y4TNGh+uBiEGu4dUU=
  
  deepmerge@^4.2.2:
    version "4.2.2"
    resolved "https://registry.npm.taobao.org/deepmerge/download/deepmerge-4.2.2.tgz"
    integrity sha1-RNLqNnm49NT/ujPwPYZfwee/SVU=
  
  define-properties@^1.1.3:
    version "1.1.3"
    resolved "https://registry.npm.taobao.org/define-properties/download/define-properties-1.1.3.tgz"
    integrity sha1-z4jabL7ib+bbcJT2HYcMvYTO6fE=
    dependencies:
      object-keys "^1.0.12"
  
  electron-to-chromium@^1.3.811:
    version "1.3.817"
    resolved "https://registry.nlark.com/electron-to-chromium/download/electron-to-chromium-1.3.817.tgz?cache=0&sync_timestamp=1629842748561&other_urls=https%3A%2F%2Fregistry.nlark.com%2Felectron-to-chromium%2Fdownload%2Felectron-to-chromium-1.3.817.tgz"
    integrity sha1-kRtHdbXZ+gxHKdRpStyB3oXY2PY=
  
  escalade@^3.1.1:
    version "3.1.1"
    resolved "https://registry.npm.taobao.org/escalade/download/escalade-3.1.1.tgz?cache=0&sync_timestamp=1602567343144&other_urls=https%3A%2F%2Fregistry.npm.taobao.org%2Fescalade%2Fdownload%2Fescalade-3.1.1.tgz"
    integrity sha1-2M/ccACWXFoBdLSoLqpcBVJ0LkA=
  
  escape-string-regexp@^1.0.5:
    version "1.0.5"
    resolved "https://registry.nlark.com/escape-string-regexp/download/escape-string-regexp-1.0.5.tgz"
    integrity sha1-G2HAViGQqN/2rjuyzwIAyhMLhtQ=
  
  estree-walker@^1.0.1:
    version "1.0.1"
    resolved "https://registry.npm.taobao.org/estree-walker/download/estree-walker-1.0.1.tgz"
    integrity sha1-MbxdYSyWtwQQa0d+bdXYqhOMtwA=
  
  estree-walker@^2.0.1:
    version "2.0.2"
    resolved "https://registry.nlark.com/estree-walker/download/estree-walker-2.0.2.tgz#52f010178c2a4c117a7757cfe942adb7d2da4cac"
    integrity sha1-UvAQF4wqTBF6d1fP6UKtt9LaTKw=
  
  esutils@^2.0.2:
    version "2.0.3"
    resolved "https://registry.npm.taobao.org/esutils/download/esutils-2.0.3.tgz"
    integrity sha1-dNLrTeC42hKTcRkQ1Qd1ubcQ72Q=
  
  fs.realpath@^1.0.0:
    version "1.0.0"
    resolved "https://registry.nlark.com/fs.realpath/download/fs.realpath-1.0.0.tgz#1504ad2523158caa40db4a2787cb01411994ea4f"
    integrity sha1-FQStJSMVjKpA20onh8sBQRmU6k8=
  
  fsevents@~2.3.2:
    version "2.3.2"
    resolved "https://registry.npm.taobao.org/fsevents/download/fsevents-2.3.2.tgz?cache=0&sync_timestamp=1612537044236&other_urls=https%3A%2F%2Fregistry.npm.taobao.org%2Ffsevents%2Fdownload%2Ffsevents-2.3.2.tgz"
    integrity sha1-ilJveLj99GI7cJ4Ll1xSwkwC/Ro=
  
  function-bind@^1.1.1:
    version "1.1.1"
    resolved "https://registry.npm.taobao.org/function-bind/download/function-bind-1.1.1.tgz"
    integrity sha1-pWiZ0+o8m6uHS7l3O3xe3pL0iV0=
  
  gensync@^1.0.0-beta.2:
    version "1.0.0-beta.2"
    resolved "https://registry.npm.taobao.org/gensync/download/gensync-1.0.0-beta.2.tgz"
    integrity sha1-MqbudsPX9S1GsrGuXZP+qFgKJeA=
  
  get-intrinsic@^1.0.2:
    version "1.1.1"
    resolved "https://registry.npm.taobao.org/get-intrinsic/download/get-intrinsic-1.1.1.tgz"
    integrity sha1-FfWfN2+FXERpY5SPDSTNNje0q8Y=
    dependencies:
      function-bind "^1.1.1"
      has "^1.0.3"
      has-symbols "^1.0.1"
  
  glob@^7.1.6:
    version "7.1.7"
    resolved "https://registry.nlark.com/glob/download/glob-7.1.7.tgz?cache=0&other_urls=https%3A%2F%2Fregistry.nlark.com%2Fglob%2Fdownload%2Fglob-7.1.7.tgz#3b193e9233f01d42d0b3f78294bbeeb418f94a90"
    integrity sha1-Oxk+kjPwHULQs/eClLvutBj5SpA=
    dependencies:
      fs.realpath "^1.0.0"
      inflight "^1.0.4"
      inherits "2"
      minimatch "^3.0.4"
      once "^1.3.0"
      path-is-absolute "^1.0.0"
  
  globals@^11.1.0:
    version "11.12.0"
    resolved "https://registry.nlark.com/globals/download/globals-11.12.0.tgz"
    integrity sha1-q4eVM4hooLq9hSV1gBjCp+uVxC4=
  
  has-flag@^3.0.0:
    version "3.0.0"
    resolved "https://registry.nlark.com/has-flag/download/has-flag-3.0.0.tgz"
    integrity sha1-tdRU3CGZriJWmfNGfloH87lVuv0=
  
  has-symbols@^1.0.1:
    version "1.0.2"
    resolved "https://registry.npm.taobao.org/has-symbols/download/has-symbols-1.0.2.tgz?cache=0&sync_timestamp=1614443557459&other_urls=https%3A%2F%2Fregistry.npm.taobao.org%2Fhas-symbols%2Fdownload%2Fhas-symbols-1.0.2.tgz"
    integrity sha1-Fl0wcMADCXUqEjakeTMeOsVvFCM=
  
  has@^1.0.3:
    version "1.0.3"
    resolved "https://registry.npm.taobao.org/has/download/has-1.0.3.tgz"
    integrity sha1-ci18v8H2qoJB8W3YFOAR4fQeh5Y=
    dependencies:
      function-bind "^1.1.1"
  
  inflight@^1.0.4:
    version "1.0.6"
    resolved "https://registry.npm.taobao.org/inflight/download/inflight-1.0.6.tgz#49bd6331d7d02d0c09bc910a1075ba8165b56df9"
    integrity sha1-Sb1jMdfQLQwJvJEKEHW6gWW1bfk=
    dependencies:
      once "^1.3.0"
      wrappy "1"
  
  inherits@2:
    version "2.0.4"
    resolved "https://registry.npm.taobao.org/inherits/download/inherits-2.0.4.tgz#0fa2c64f932917c3433a0ded55363aae37416b7c"
    integrity sha1-D6LGT5MpF8NDOg3tVTY6rjdBa3w=
  
  is-core-module@^2.2.0:
    version "2.5.0"
    resolved "https://registry.nlark.com/is-core-module/download/is-core-module-2.5.0.tgz?cache=0&sync_timestamp=1626158731691&other_urls=https%3A%2F%2Fregistry.nlark.com%2Fis-core-module%2Fdownload%2Fis-core-module-2.5.0.tgz"
    integrity sha1-91SENhfHC/0pt72HMnQAzaXBhJE=
    dependencies:
      has "^1.0.3"
  
  is-module@^1.0.0:
    version "1.0.0"
    resolved "https://registry.npm.taobao.org/is-module/download/is-module-1.0.0.tgz"
    integrity sha1-Mlj7afeMFNW4FdZkM2tM/7ZEFZE=
  
  is-reference@^1.2.1:
    version "1.2.1"
    resolved "https://registry.nlark.com/is-reference/download/is-reference-1.2.1.tgz#8b2dac0b371f4bc994fdeaba9eb542d03002d0b7"
    integrity sha1-iy2sCzcfS8mU/eq6nrVC0DAC0Lc=
    dependencies:
      "@types/estree" "*"
  
  js-tokens@^4.0.0:
    version "4.0.0"
    resolved "https://registry.nlark.com/js-tokens/download/js-tokens-4.0.0.tgz?cache=0&sync_timestamp=1619345098261&other_urls=https%3A%2F%2Fregistry.nlark.com%2Fjs-tokens%2Fdownload%2Fjs-tokens-4.0.0.tgz"
    integrity sha1-GSA/tZmR35jjoocFDUZHzerzJJk=
  
  jsesc@^2.5.1:
    version "2.5.2"
    resolved "https://registry.npm.taobao.org/jsesc/download/jsesc-2.5.2.tgz?cache=0&sync_timestamp=1603891224688&other_urls=https%3A%2F%2Fregistry.npm.taobao.org%2Fjsesc%2Fdownload%2Fjsesc-2.5.2.tgz"
    integrity sha1-gFZNLkg9rPbo7yCWUKZ98/DCg6Q=
  
  jsesc@~0.5.0:
    version "0.5.0"
    resolved "https://registry.npm.taobao.org/jsesc/download/jsesc-0.5.0.tgz?cache=0&sync_timestamp=1603891224688&other_urls=https%3A%2F%2Fregistry.npm.taobao.org%2Fjsesc%2Fdownload%2Fjsesc-0.5.0.tgz"
    integrity sha1-597mbjXW/Bb3EP6R1c9p9w8IkR0=
  
  json5@^2.1.2:
    version "2.2.0"
    resolved "https://registry.npm.taobao.org/json5/download/json5-2.2.0.tgz"
    integrity sha1-Lf7+cgxrpSXZ69kJlQ8FFTFsiaM=
    dependencies:
      minimist "^1.2.5"
  
  lodash.debounce@^4.0.8:
    version "4.0.8"
    resolved "https://registry.npm.taobao.org/lodash.debounce/download/lodash.debounce-4.0.8.tgz"
    integrity sha1-gteb/zCmfEAF/9XiUVMArZyk168=
  
  magic-string@^0.25.7:
    version "0.25.7"
    resolved "https://registry.nlark.com/magic-string/download/magic-string-0.25.7.tgz#3f497d6fd34c669c6798dcb821f2ef31f5445051"
    integrity sha1-P0l9b9NMZpxnmNy4IfLvMfVEUFE=
    dependencies:
      sourcemap-codec "^1.4.4"
  
  minimatch@^3.0.4:
    version "3.0.4"
    resolved "https://registry.nlark.com/minimatch/download/minimatch-3.0.4.tgz#5166e286457f03306064be5497e8dbb0c3d32083"
    integrity sha1-UWbihkV/AzBgZL5Ul+jbsMPTIIM=
    dependencies:
      brace-expansion "^1.1.7"
  
  minimist@^1.2.5:
    version "1.2.5"
    resolved "https://registry.npm.taobao.org/minimist/download/minimist-1.2.5.tgz"
    integrity sha1-Z9ZgFLZqaoqqDAg8X9WN9OTpdgI=
  
  ms@2.1.2:
    version "2.1.2"
    resolved "https://registry.npm.taobao.org/ms/download/ms-2.1.2.tgz?cache=0&sync_timestamp=1607433899126&other_urls=https%3A%2F%2Fregistry.npm.taobao.org%2Fms%2Fdownload%2Fms-2.1.2.tgz"
    integrity sha1-0J0fNXtEP0kzgqjrPM0YOHKuYAk=
  
  node-releases@^1.1.75:
    version "1.1.75"
    resolved "https://registry.nlark.com/node-releases/download/node-releases-1.1.75.tgz?cache=0&sync_timestamp=1629280398871&other_urls=https%3A%2F%2Fregistry.nlark.com%2Fnode-releases%2Fdownload%2Fnode-releases-1.1.75.tgz"
    integrity sha1-bdjIdrmJehuOWgLeJq+nm7VOu/4=
  
  object-keys@^1.0.12, object-keys@^1.1.1:
    version "1.1.1"
    resolved "https://registry.npm.taobao.org/object-keys/download/object-keys-1.1.1.tgz"
    integrity sha1-HEfyct8nfzsdrwYWd9nILiMixg4=
  
  object.assign@^4.1.0:
    version "4.1.2"
    resolved "https://registry.npm.taobao.org/object.assign/download/object.assign-4.1.2.tgz?cache=0&sync_timestamp=1604115212739&other_urls=https%3A%2F%2Fregistry.npm.taobao.org%2Fobject.assign%2Fdownload%2Fobject.assign-4.1.2.tgz"
    integrity sha1-DtVKNC7Os3s4/3brgxoOeIy2OUA=
    dependencies:
      call-bind "^1.0.0"
      define-properties "^1.1.3"
      has-symbols "^1.0.1"
      object-keys "^1.1.1"
  
  once@^1.3.0:
    version "1.4.0"
    resolved "https://registry.nlark.com/once/download/once-1.4.0.tgz#583b1aa775961d4b113ac17d9c50baef9dd76bd1"
    integrity sha1-WDsap3WWHUsROsF9nFC6753Xa9E=
    dependencies:
      wrappy "1"
  
  path-is-absolute@^1.0.0:
    version "1.0.1"
    resolved "https://registry.nlark.com/path-is-absolute/download/path-is-absolute-1.0.1.tgz#174b9268735534ffbc7ace6bf53a5a9e1b5c5f5f"
    integrity sha1-F0uSaHNVNP+8es5r9TpanhtcX18=
  
  path-parse@^1.0.6:
    version "1.0.7"
    resolved "https://registry.nlark.com/path-parse/download/path-parse-1.0.7.tgz"
    integrity sha1-+8EUtgykKzDZ2vWFjkvWi77bZzU=
  
  picomatch@^2.2.2:
    version "2.3.0"
    resolved "https://registry.nlark.com/picomatch/download/picomatch-2.3.0.tgz?cache=0&sync_timestamp=1621648246651&other_urls=https%3A%2F%2Fregistry.nlark.com%2Fpicomatch%2Fdownload%2Fpicomatch-2.3.0.tgz"
    integrity sha1-8fBh3o9qS/AiiS4tEoI0+5gwKXI=
  
  regenerate-unicode-properties@^8.2.0:
    version "8.2.0"
    resolved "https://registry.npm.taobao.org/regenerate-unicode-properties/download/regenerate-unicode-properties-8.2.0.tgz"
    integrity sha1-5d5xEdZV57pgwFfb6f83yH5lzew=
    dependencies:
      regenerate "^1.4.0"
  
  regenerate@^1.4.0:
    version "1.4.2"
    resolved "https://registry.npm.taobao.org/regenerate/download/regenerate-1.4.2.tgz"
    integrity sha1-uTRtiCfo9aMve6KWN9OYtpAUhIo=
  
  regenerator-runtime@^0.13.4:
    version "0.13.9"
    resolved "https://registry.nlark.com/regenerator-runtime/download/regenerator-runtime-0.13.9.tgz?cache=0&sync_timestamp=1626993001371&other_urls=https%3A%2F%2Fregistry.nlark.com%2Fregenerator-runtime%2Fdownload%2Fregenerator-runtime-0.13.9.tgz"
    integrity sha1-iSV0Kpj/2QgUmI11Zq0wyjsmO1I=
  
  regenerator-transform@^0.14.2:
    version "0.14.5"
    resolved "https://registry.nlark.com/regenerator-transform/download/regenerator-transform-0.14.5.tgz?cache=0&sync_timestamp=1627057502723&other_urls=https%3A%2F%2Fregistry.nlark.com%2Fregenerator-transform%2Fdownload%2Fregenerator-transform-0.14.5.tgz"
    integrity sha1-yY2hVGg2ccnE3LFuznNlF+G3/rQ=
    dependencies:
      "@babel/runtime" "^7.8.4"
  
  regexpu-core@^4.7.1:
    version "4.7.1"
    resolved "https://registry.npm.taobao.org/regexpu-core/download/regexpu-core-4.7.1.tgz?cache=0&sync_timestamp=1600413542312&other_urls=https%3A%2F%2Fregistry.npm.taobao.org%2Fregexpu-core%2Fdownload%2Fregexpu-core-4.7.1.tgz"
    integrity sha1-LepamgcjMpj78NuR+pq8TG4PitY=
    dependencies:
      regenerate "^1.4.0"
      regenerate-unicode-properties "^8.2.0"
      regjsgen "^0.5.1"
      regjsparser "^0.6.4"
      unicode-match-property-ecmascript "^1.0.4"
      unicode-match-property-value-ecmascript "^1.2.0"
  
  regjsgen@^0.5.1:
    version "0.5.2"
    resolved "https://registry.npm.taobao.org/regjsgen/download/regjsgen-0.5.2.tgz"
    integrity sha1-kv8pX7He7L9uzaslQ9IH6RqjNzM=
  
  regjsparser@^0.6.4:
    version "0.6.9"
    resolved "https://registry.npm.taobao.org/regjsparser/download/regjsparser-0.6.9.tgz?cache=0&sync_timestamp=1616545067196&other_urls=https%3A%2F%2Fregistry.npm.taobao.org%2Fregjsparser%2Fdownload%2Fregjsparser-0.6.9.tgz"
    integrity sha1-tInu98mizkNydicBFCnPgzpxg+Y=
    dependencies:
      jsesc "~0.5.0"
  
  resolve@^1.14.2, resolve@^1.17.0, resolve@^1.19.0:
    version "1.20.0"
    resolved "https://registry.npm.taobao.org/resolve/download/resolve-1.20.0.tgz"
    integrity sha1-YpoBP7P3B1XW8LeTXMHCxTeLGXU=
    dependencies:
      is-core-module "^2.2.0"
      path-parse "^1.0.6"
  
  rollup-plugin-sourcemaps@^0.6.3:
    version "0.6.3"
    resolved "https://registry.npm.taobao.org/rollup-plugin-sourcemaps/download/rollup-plugin-sourcemaps-0.6.3.tgz"
    integrity sha1-v5ORP/4FbkFEGWB/HQJ4DX7OhO0=
    dependencies:
      "@rollup/pluginutils" "^3.0.9"
      source-map-resolve "^0.6.0"
  
  rollup@^2.56.2:
    version "2.56.2"
    resolved "https://registry.nlark.com/rollup/download/rollup-2.56.2.tgz?cache=0&sync_timestamp=1628573680198&other_urls=https%3A%2F%2Fregistry.nlark.com%2Frollup%2Fdownload%2Frollup-2.56.2.tgz"
    integrity sha1-oEX/P2r1PuAJtfUBbKPaAynlRw8=
    optionalDependencies:
      fsevents "~2.3.2"
  
  safe-buffer@~5.1.1:
    version "5.1.2"
    resolved "https://registry.npm.taobao.org/safe-buffer/download/safe-buffer-5.1.2.tgz"
    integrity sha1-mR7GnSluAxN0fVm9/St0XDX4go0=
  
  semver@7.0.0:
    version "7.0.0"
    resolved "https://registry.npm.taobao.org/semver/download/semver-7.0.0.tgz?cache=0&sync_timestamp=1616463603361&other_urls=https%3A%2F%2Fregistry.npm.taobao.org%2Fsemver%2Fdownload%2Fsemver-7.0.0.tgz"
    integrity sha1-XzyjV2HkfgWyBsba/yz4FPAxa44=
  
  semver@^6.1.1, semver@^6.1.2, semver@^6.3.0:
    version "6.3.0"
    resolved "https://registry.npm.taobao.org/semver/download/semver-6.3.0.tgz?cache=0&sync_timestamp=1616463603361&other_urls=https%3A%2F%2Fregistry.npm.taobao.org%2Fsemver%2Fdownload%2Fsemver-6.3.0.tgz"
    integrity sha1-7gpkyK9ejO6mdoexM3YeG+y9HT0=
  
  source-map-resolve@^0.6.0:
    version "0.6.0"
    resolved "https://registry.npm.taobao.org/source-map-resolve/download/source-map-resolve-0.6.0.tgz"
    integrity sha1-PZ34fiNrU/FtAeWBUPx3EROOXtI=
    dependencies:
      atob "^2.1.2"
      decode-uri-component "^0.2.0"
  
  source-map@^0.5.0:
    version "0.5.7"
    resolved "https://registry.npm.taobao.org/source-map/download/source-map-0.5.7.tgz"
    integrity sha1-igOdLRAh0i0eoUyA2OpGi6LvP8w=
  
  sourcemap-codec@^1.4.4:
    version "1.4.8"
    resolved "https://registry.npm.taobao.org/sourcemap-codec/download/sourcemap-codec-1.4.8.tgz"
    integrity sha1-6oBL2UhXQC5pktBaOO8a41qatMQ=
  
  supports-color@^5.3.0:
    version "5.5.0"
    resolved "https://registry.nlark.com/supports-color/download/supports-color-5.5.0.tgz?cache=0&sync_timestamp=1626703342506&other_urls=https%3A%2F%2Fregistry.nlark.com%2Fsupports-color%2Fdownload%2Fsupports-color-5.5.0.tgz"
    integrity sha1-4uaaRKyHcveKHsCzW2id9lMO/I8=
    dependencies:
      has-flag "^3.0.0"
  
  to-fast-properties@^2.0.0:
    version "2.0.0"
    resolved "https://registry.nlark.com/to-fast-properties/download/to-fast-properties-2.0.0.tgz?cache=0&sync_timestamp=1628418893613&other_urls=https%3A%2F%2Fregistry.nlark.com%2Fto-fast-properties%2Fdownload%2Fto-fast-properties-2.0.0.tgz"
    integrity sha1-3F5pjL0HkmW8c+A3doGk5Og/YW4=
  
  tslib@^2.3.1:
    version "2.3.1"
    resolved "https://registry.nlark.com/tslib/download/tslib-2.3.1.tgz"
    integrity sha1-6KM1rdXOrlGqJh0ypJAVjvBC7wE=
  
  typescript@^4.3.5:
    version "4.3.5"
    resolved "https://registry.nlark.com/typescript/download/typescript-4.3.5.tgz"
    integrity sha1-TRw3zBbok5c8RaBohrcRMjTxGfQ=
  
  unicode-canonical-property-names-ecmascript@^1.0.4:
    version "1.0.4"
    resolved "https://registry.npm.taobao.org/unicode-canonical-property-names-ecmascript/download/unicode-canonical-property-names-ecmascript-1.0.4.tgz"
    integrity sha1-JhmADEyCWADv3YNDr33Zkzy+KBg=
  
  unicode-match-property-ecmascript@^1.0.4:
    version "1.0.4"
    resolved "https://registry.npm.taobao.org/unicode-match-property-ecmascript/download/unicode-match-property-ecmascript-1.0.4.tgz"
    integrity sha1-jtKjJWmWG86SJ9Cc0/+7j+1fAgw=
    dependencies:
      unicode-canonical-property-names-ecmascript "^1.0.4"
      unicode-property-aliases-ecmascript "^1.0.4"
  
  unicode-match-property-value-ecmascript@^1.2.0:
    version "1.2.0"
    resolved "https://registry.npm.taobao.org/unicode-match-property-value-ecmascript/download/unicode-match-property-value-ecmascript-1.2.0.tgz"
    integrity sha1-DZH2AO7rMJaqlisdb8iIduZOpTE=
  
  unicode-property-aliases-ecmascript@^1.0.4:
    version "1.1.0"
    resolved "https://registry.npm.taobao.org/unicode-property-aliases-ecmascript/download/unicode-property-aliases-ecmascript-1.1.0.tgz"
    integrity sha1-3Vepn2IHvt/0Yoq++5TFDblByPQ=
  
  wrappy@1:
    version "1.0.2"
    resolved "https://registry.nlark.com/wrappy/download/wrappy-1.0.2.tgz#b5243d8f3ec1aa35f1364605bc0d1036e30ab69f"
    integrity sha1-tSQ9jz7BqjXxNkYFvA0QNuMKtp8=
